
Trace for /data/www/pres2/index.php
Total Elapsed Time =    2.46
Total System Time  =    0.07
Total User Time    =    2.11


         Real         User        System             secs/    cumm
%Time (excl/cumm)  (excl/cumm)  (excl/cumm) Calls    call    s/call  Memory Usage Name
--------------------------------------------------------------------------------------
 19.3  0.35  0.35   0.40  0.40   0.02  0.02  4625   0.0000    0.0000            0 strtolower
 18.3  0.34  0.73   0.39  0.80   0.01  0.03  7481   0.0000    0.0000            0 xml_presentation->cdatahandler
 11.5  0.25  0.25   0.25  0.25   0.00  0.00  2933   0.0000    0.0000            0 _pres_slide->_pres_slide
 11.0  0.26  0.27   0.24  0.24   0.00  0.00  3712   0.0000    0.0000            0 xml_presentation->endhandler
 10.6  0.27  0.27   0.23  0.23   0.00  0.00  5941   0.0000    0.0000            0 count
  7.8  0.20  0.22   0.17  0.19   0.00  0.00  3612   0.0000    0.0000            0 xml_presentation->_add_attribs
  4.6  0.14  0.83   0.10  0.73   0.00  0.00  3712   0.0000    0.0000            0 xml_presentation->starthandler
  2.3  0.08  0.08   0.05  0.05   0.00  0.00     2   0.0000    0.0000            0 function_exists
  1.8  0.04  0.04   0.03  0.03   0.01  0.01   912   0.0000    0.0000            0 method_exists
  1.4  0.01  0.01   0.03  0.03   0.00  0.00   304   0.0000    0.0000            0 is_resource
  1.4  0.07  0.07   0.03  0.03   0.00  0.00     2   0.0000    0.0000            0 is_array
  1.4  0.02  0.02   0.03  0.03   0.00  0.00    76   0.0000    0.0000            0 fopen
  0.9  0.14  0.14   0.02  0.02   0.00  0.00   304   0.0000    0.0000            0 get_parent_class
  0.9  0.00  0.01   0.02  0.02   0.00  0.00   126   0.0000    0.0000            0 xml_presentation->iserror
  0.9  0.02  0.02   0.01  0.01   0.01  0.01   202   0.0000    0.0000            0 fread
  0.9  0.00  0.10   0.01  0.07   0.01  0.02     7   0.0000    0.0000            0 require_once
  0.5  0.00  1.83   0.01  1.79   0.00  0.03   126   0.0000    0.0000            0 xml_presentation->parsestring
  0.5  0.01  0.01   0.01  0.01   0.00  0.00    76   0.0000    0.0000            0 xml_presentation->seterrorhandling
  0.5  0.02  0.02   0.01  0.01   0.00  0.00    76   0.0000    0.0000            0 _presentation->_presentation
  0.5  0.02  0.02   0.01  0.01   0.00  0.00    10   0.0000    0.0000            0 define
