<h1 align='center'><a href="http://www.sdphp.net">SDPHP users group</a></h1>
<h2>Talks given at the monthly meetings</h2>
<table width='100%' cellspacing='1', border='0'>
<tr><td bgcolor='#000000'>
<table width='100%' border=0 cellspacing=0>
<tr><th bgcolor='#ffffaa'>Templates - Separating from from function</th></tr>
<tr><td bgcolor='#ffffff' align='center'>URL: <a href="http://www.sdphp.net/talks/jmc_templates"target='_blank'>http://www.sdphp.net/talks/jmc_templates</a></td></tr>
<tr><td align='right' bgcolor='ffaaff'>Speaker: Jesus M. Castagnetto, Date: 2001-03-26</td></tr>
</table>
</td><tr>
<tr><td bgcolor='#000000'>
<table width='100%' border=0 cellspacing=0>
<tr><th bgcolor='#ffffaa'>An introduction to PEAR and PEAR DB</th></tr>
<tr><td bgcolor='#ffffff' align='center'>URL: <a href="http://www.sdphp.net/talks/sdphp_peardb"target='_blank'>http://www.sdphp.net/talks/sdphp_peardb</a></td></tr>
<tr><td align='right' bgcolor='ffaaff'>Speaker: Jesus M. Castagnetto, Date: 2002-02-25</td></tr>
</table>
</td><tr>
<tr><td bgcolor='#000000'>
<table width='100%' border=0 cellspacing=0>
<tr><th bgcolor='#ffffaa'>Doing it with class - Using OOP in PHP</th></tr>
<tr><td bgcolor='#ffffff' align='center'>URL: <a href="http://www.sdphp.net/talks/sdphp_class"target='_blank'>http://www.sdphp.net/talks/sdphp_class</a></td></tr>
<tr><td align='right' bgcolor='ffaaff'>Speaker: Jesus M. Castagnetto, Date: 2002-03-25</td></tr>
</table>
</td><tr>
<tr><td bgcolor='#000000'>
<table width='100%' border=0 cellspacing=0>
<tr><th bgcolor='#ffffaa'>Dynamic Images in PHP - How and When to Use Them</th></tr>
<tr><td bgcolor='#ffffff' align='center'>URL: <a href="http://www.sdphp.net/talks/ag_image"target='_blank'>http://www.sdphp.net/talks/ag_image</a></td></tr>
<tr><td align='right' bgcolor='ffaaff'>Speaker: Alison Gianotto, Date: 2002-04-29</td></tr>
</table>
</td><tr>
<tr><td bgcolor='#000000'>
<table width='100%' border=0 cellspacing=0>
<tr><th bgcolor='#ffffaa'>Processing XML with PHP - An Introduction</th></tr>
<tr><td bgcolor='#ffffff' align='center'>URL: <a href="http://www.sdphp.net/talks/intro_xml.pdf"target='_blank'>http://www.sdphp.net/talks/intro_xml.pdf</a></td></tr>
<tr><td align='right' bgcolor='ffaaff'>Speaker: Jesus M. Castagnetto, Date: 2002-08-26</td></tr>
</table>
</td><tr>
<tr><td bgcolor='#000000'>
<table width='100%' border=0 cellspacing=0>
<tr><th bgcolor='#ffffaa'>DOM-XML and PHP</th></tr>
<tr><td bgcolor='#ffffff' align='center'>URL: <a href="http://www.sdphp.net/talks/domxml_php"target='_blank'>http://www.sdphp.net/talks/domxml_php</a></td></tr>
<tr><td align='right' bgcolor='ffaaff'>Speaker: Mark J. Hershenson, Date: 2002-09-30</td></tr>
</table>
</td><tr>
</table>
