<sdphp_talks>
 <title>SDPHP: Available talks</title>
 <presentation type='meeting_talk'>
  <title>Templates - Separating from from function</title>
  <year_month_day>2001-03-26</year_month_day>
  <name role='speaker'>Jesus M. Castagnetto</name>
  <url type="www">http://www.sdphp.net/talks/jmc_templates</url>
 </presentation>
 <presentation type='meeting_talk'>
  <title>An introduction to PEAR and PEAR DB</title>
  <year_month_day>2002-02-25</year_month_day>
  <name role='speaker'>Jesus M. Castagnetto</name>
  <url type="www">http://www.sdphp.net/talks/sdphp_peardb</url>
 </presentation>
 <presentation type='meeting_talk'>
  <title>Doing it with class - Using OOP in PHP</title>
  <year_month_day>2002-03-25</year_month_day>
  <name role='speaker'>Jesus M. Castagnetto</name>
  <url type="www">http://www.sdphp.net/talks/sdphp_class</url>
 </presentation>
 <presentation type='meeting_talk'>
  <title>Dynamic Images in PHP - How and When to Use Them</title>
  <year_month_day>2002-04-29</year_month_day>
  <name role='speaker'>Alison Gianotto</name>
  <url type="www">http://www.sdphp.net/talks/ag_image</url>
 </presentation>
 <presentation type='meeting_talk'>
  <title>Processing XML with PHP - An Introduction</title>
  <year_month_day>2002-08-26</year_month_day>
  <name role='speaker'>Jesus M. Castagnetto</name>
  <url type="www">http://www.sdphp.net/talks/intro_xml</url>
  <url type="download">http://www.sdphp.net/talks/intro_xml.pdf</url>
 </presentation>
 <presentation type='meeting_talk'>
  <title>DOM-XML and PHP</title>
  <year_month_day>2002-09-30</year_month_day>
  <name role='speaker'>Mark J. Hershenson</name>
  <url type="www">http://www.sdphp.net/talks/domxml_php</url>
 </presentation>
</sdphp_talks>
