version: 0.9.6
cmd: Aggregate
part: 1

events: Time

fl=/var/www/laconica2/index.php
fn={main}
0 9237

summary: 3590290

cfn=define
calls=16 0 0
21 298
cfn=define
calls=16 0 0
22 343
cfn=require
calls=16 0 0
24 178393
cfn=preg_match
calls=16 0 0
28 437
cfn=in_array
calls=16 0 0
45 274
cfn=require
calls=16 0 0
46 4864
cfn=ucfirst
calls=16 0 0
47 233
cfn=Action->Action
calls=16 0 0
48 224
cfn=call_user_func
calls=16 0 0
49 3395984

fl=php:internal
fn=define
0 298

fl=php:internal
fn=define
0 343

fl=/var/www/laconica2/lib/common.php
fn=require
0 76259
cfn=defined
calls=16 0 0
20 233
cfn=define
calls=16 0 0
22 234
cfn=define
calls=16 0 0
24 337
cfn=define
calls=16 0 0
25 234
cfn=define
calls=16 0 0
26 501
cfn=define
calls=16 0 0
27 257
cfn=define_syslog_variables
calls=16 0 0
29 416
cfn=require
calls=16 0 0
34 49216
cfn=require
calls=16 0 0
35 224
cfn=array_key_exists
calls=16 0 0
48 226
cfn=PEAR::getStaticProperty
calls=16 0 0
82 1313
cfn=require
calls=16 0 0
93 1137
cfn=function_exists
calls=16 0 0
95 230
cfn=date_default_timezone_set
calls=16 0 0
96 323
cfn=require
calls=16 0 0
99 4322
cfn=require
calls=16 0 0
100 1155
cfn=require
calls=16 0 0
101 1307
cfn=require
calls=16 0 0
102 4016
cfn=require
calls=16 0 0
104 225
cfn=require
calls=16 0 0
105 1128
cfn=require
calls=16 0 0
106 1133
cfn=require
calls=16 0 0
107 1090
cfn=require
calls=16 0 0
108 1234
cfn=require
calls=16 0 0
109 22435
cfn=require
calls=16 0 0
110 225
cfn=require
calls=16 0 0
111 228
cfn=require
calls=16 0 0
112 223
cfn=require
calls=16 0 0
113 228
cfn=require
calls=16 0 0
115 8293

fl=php:internal
fn=defined
0 233

fl=php:internal
fn=define
0 234

fl=php:internal
fn=define
0 337

fl=php:internal
fn=define
0 234

fl=php:internal
fn=define
0 501

fl=php:internal
fn=define
0 257

fl=php:internal
fn=define_syslog_variables
0 416

fl=/usr/local/lib/php/DB/DataObject.php
fn=require
0 25721
cfn=require_once
calls=16 0 0
91 17348
cfn=define
calls=16 0 0
97 234
cfn=define
calls=16 0 0
98 318
cfn=define
calls=16 0 0
108 249
cfn=define
calls=16 0 0
109 228
cfn=define
calls=16 0 0
111 231
cfn=define
calls=16 0 0
112 231
cfn=define
calls=16 0 0
113 232
cfn=define
calls=16 0 0
114 295
cfn=define
calls=16 0 0
115 249
cfn=define
calls=16 0 0
118 248
cfn=define
calls=16 0 0
119 231
cfn=define
calls=16 0 0
133 323
cfn=define
calls=16 0 0
134 226
cfn=define
calls=16 0 0
135 231
cfn=define
calls=16 0 0
136 248
cfn=define
calls=16 0 0
137 227
cfn=define
calls=16 0 0
143 227
cfn=phpversion
calls=16 0 0
182 228
cfn=substr
calls=16 0 0
182 268
cfn=defined
calls=16 0 0
4143 241
cfn=phpversion
calls=32 0 0
4145 439
cfn=version_compare
calls=16 0 0
4145 237
cfn=phpversion
calls=16 0 0
4146 263
cfn=version_compare
calls=16 0 0
4146 233

fl=/usr/local/lib/php/PEAR.php
fn=require_once
0 11436
cfn=define
calls=16 0 0
31 226
cfn=define
calls=16 0 0
32 228
cfn=define
calls=16 0 0
33 301
cfn=define
calls=16 0 0
34 253
cfn=define
calls=16 0 0
35 231
cfn=define
calls=16 0 0
40 254
cfn=function_exists
calls=16 0 0
42 237
cfn=zend_version
calls=16 0 0
43 383
cfn=version_compare
calls=16 0 0
43 355
cfn=define
calls=16 0 0
43 252
cfn=substr
calls=16 0 0
45 231
cfn=define
calls=16 0 0
50 316
cfn=define
calls=16 0 0
51 1885
cfn=define
calls=16 0 0
52 235
cfn=defined
calls=16 0 0
56 234
cfn=ini_set
calls=16 0 0
70 281

fl=php:internal
fn=define
0 226

fl=php:internal
fn=define
0 228

fl=php:internal
fn=define
0 301

fl=php:internal
fn=define
0 253

fl=php:internal
fn=define
0 231

fl=php:internal
fn=define
0 254

fl=php:internal
fn=function_exists
0 237

fl=php:internal
fn=zend_version
0 383

fl=php:internal
fn=version_compare
0 355

fl=php:internal
fn=define
0 252

fl=php:internal
fn=substr
0 231

fl=php:internal
fn=define
0 316

fl=php:internal
fn=define
0 1885

fl=php:internal
fn=define
0 235

fl=php:internal
fn=defined
0 234

fl=php:internal
fn=ini_set
0 281

fl=php:internal
fn=define
0 234

fl=php:internal
fn=define
0 318

fl=php:internal
fn=define
0 249

fl=php:internal
fn=define
0 228

fl=php:internal
fn=define
0 231

fl=php:internal
fn=define
0 231

fl=php:internal
fn=define
0 232

fl=php:internal
fn=define
0 295

fl=php:internal
fn=define
0 249

fl=php:internal
fn=define
0 248

fl=php:internal
fn=define
0 231

fl=php:internal
fn=define
0 323

fl=php:internal
fn=define
0 226

fl=php:internal
fn=define
0 231

fl=php:internal
fn=define
0 248

fl=php:internal
fn=define
0 227

fl=php:internal
fn=define
0 227

fl=php:internal
fn=phpversion
0 228

fl=php:internal
fn=substr
0 268

fl=php:internal
fn=defined
0 241

fl=php:internal
fn=phpversion
0 439

fl=php:internal
fn=version_compare
0 237

fl=php:internal
fn=phpversion
0 263

fl=php:internal
fn=version_compare
0 233

fl=/usr/local/lib/php/DB/DataObject/Cast.php
fn=require
0 224

fl=php:internal
fn=array_key_exists
0 226

fl=/usr/local/lib/php/PEAR.php
fn=PEAR::getStaticProperty
0 1048
cfn=array_key_exists
calls=112 0 0
236 1715

fl=php:internal
fn=array_key_exists
0 1715

fl=/var/www/laconica2/config.php
fn=require
0 911
cfn=defined
calls=16 0 0
4 225

fl=php:internal
fn=defined
0 225

fl=php:internal
fn=function_exists
0 230

fl=php:internal
fn=date_default_timezone_set
0 323

fl=/var/www/laconica2/lib/util.php
fn=require
0 3338
cfn=define
calls=16 0 0
134 257
cfn=define
calls=16 0 0
493 251
cfn=define
calls=16 0 0
494 238
cfn=define
calls=16 0 0
604 236

fl=php:internal
fn=define
0 257

fl=php:internal
fn=define
0 251

fl=php:internal
fn=define
0 238

fl=php:internal
fn=define
0 236

fl=/var/www/laconica2/lib/action.php
fn=require
0 931
cfn=defined
calls=16 0 0
20 223

fl=php:internal
fn=defined
0 223

fl=/var/www/laconica2/lib/theme.php
fn=require
0 1081
cfn=defined
calls=16 0 0
20 225

fl=php:internal
fn=defined
0 225

fl=/var/www/laconica2/lib/mail.php
fn=require
0 3319
cfn=defined
calls=16 0 0
20 219
cfn=require_once
calls=16 0 0
22 477

fl=php:internal
fn=defined
0 219

fl=/usr/local/lib/php/Mail.php
fn=require_once
0 477

fl=/var/www/laconica2/classes/Avatar.php
fn=require
0 225

fl=/var/www/laconica2/classes/Notice.php
fn=require
0 903
cfn=defined
calls=16 0 0
20 224

fl=php:internal
fn=defined
0 224

fl=/var/www/laconica2/classes/Profile.php
fn=require
0 914
cfn=defined
calls=16 0 0
20 219

fl=php:internal
fn=defined
0 219

fl=/var/www/laconica2/classes/Remote_profile.php
fn=require
0 873
cfn=defined
calls=16 0 0
20 217

fl=php:internal
fn=defined
0 217

fl=/var/www/laconica2/classes/Subscription.php
fn=require
0 871
cfn=defined
calls=16 0 0
20 363

fl=php:internal
fn=defined
0 363

fl=/var/www/laconica2/classes/User.php
fn=require
0 8174
cfn=defined
calls=16 0 0
20 218
cfn=require
calls=16 0 0
24 14043

fl=php:internal
fn=defined
0 218

fl=/usr/local/lib/php/PEAR/Validate/Validate.php
fn=require
0 10357
cfn=define
calls=16 0 0
44 238
cfn=define
calls=16 0 0
45 234
cfn=define
calls=16 0 0
46 231
cfn=define
calls=16 0 0
47 231
cfn=define
calls=16 0 0
48 224
cfn=define
calls=16 0 0
49 255
cfn=define
calls=16 0 0
50 234
cfn=define
calls=16 0 0
51 230
cfn=define
calls=16 0 0
52 251
cfn=define
calls=16 0 0
53 236
cfn=define
calls=16 0 0
54 309
cfn=define
calls=16 0 0
56 228
cfn=define
calls=16 0 0
57 225
cfn=define
calls=16 0 0
58 318
cfn=define
calls=16 0 0
59 235

fl=php:internal
fn=define
0 238

fl=php:internal
fn=define
0 234

fl=php:internal
fn=define
0 231

fl=php:internal
fn=define
0 231

fl=php:internal
fn=define
0 224

fl=php:internal
fn=define
0 255

fl=php:internal
fn=define
0 234

fl=php:internal
fn=define
0 230

fl=php:internal
fn=define
0 251

fl=php:internal
fn=define
0 236

fl=php:internal
fn=define
0 309

fl=php:internal
fn=define
0 228

fl=php:internal
fn=define
0 225

fl=php:internal
fn=define
0 318

fl=php:internal
fn=define
0 235

fl=/var/www/laconica2/classes/Confirm_address.php
fn=require
0 225

fl=/var/www/laconica2/classes/Remember_me.php
fn=require
0 228

fl=/var/www/laconica2/classes/Queue_item.php
fn=require
0 223

fl=/var/www/laconica2/classes/Reply.php
fn=require
0 228

fl=/usr/local/lib/php/PHP Markdown 1.0.1m/markdown.php
fn=require
0 6162
cfn=define
calls=16 0 0
15 267
cfn=define
calls=16 0 0
23 259
cfn=define
calls=16 0 0
26 231
cfn=define
calls=16 0 0
34 251
cfn=define
calls=16 0 0
35 438
cfn=define
calls=16 0 0
41 231
cfn=substr
calls=16 0 0
166 218
cfn=strcasecmp
calls=16 0 0
166 232

fl=php:internal
fn=define
0 267

fl=php:internal
fn=define
0 259

fl=php:internal
fn=define
0 231

fl=php:internal
fn=define
0 251

fl=php:internal
fn=define
0 438

fl=php:internal
fn=define
0 231

fl=php:internal
fn=substr
0 218

fl=php:internal
fn=strcasecmp
0 232

fl=php:internal
fn=preg_match
0 437

fl=php:internal
fn=in_array
0 274

fl=/var/www/laconica2/actions/public.php
fn=require
0 2712
cfn=defined
calls=16 0 0
20 231
cfn=require
calls=16 0 0
22 1919

fl=php:internal
fn=defined
0 231

fl=/var/www/laconica2/lib/stream.php
fn=require
0 1476
cfn=defined
calls=16 0 0
20 216
cfn=define
calls=16 0 0
22 226

fl=php:internal
fn=defined
0 216

fl=php:internal
fn=define
0 226

fl=php:internal
fn=ucfirst
0 233

fl=/var/www/laconica2/lib/action.php
fn=Action->Action
0 224

fl=php:internal
fn=call_user_func
0 1184
cfn=PublicAction->handle
calls=16 0 0
0 3394799

fl=/var/www/laconica2/actions/public.php
fn=PublicAction->handle
0 8124
cfn=StreamAction->handle
calls=16 0 0
27 5285
cfn=Action->arg
calls=16 0 0
29 1173
cfn=common_local_url
calls=16 0 0
31 2427
cfn=header
calls=16 0 0
31 305
cfn=_
calls=16 0 0
33 419
cfn=common_show_header
calls=16 0 0
35 724220
cfn=PublicAction->show_notices
calls=16 0 0
39 2254582
cfn=common_show_footer
calls=16 0 0
41 398261

fl=/var/www/laconica2/lib/stream.php
fn=StreamAction->handle
0 1012
cfn=Action->handle
calls=16 0 0
27 4272

fl=/var/www/laconica2/lib/action.php
fn=Action->handle
0 995
cfn=common_copy_args
calls=16 0 0
43 3277

fl=/var/www/laconica2/lib/util.php
fn=common_copy_args
0 2590
cfn=get_magic_quotes_gpc
calls=16 0 0
1255 228
cfn=stripslashes
calls=32 0 0
1257 458

fl=php:internal
fn=get_magic_quotes_gpc
0 228

fl=php:internal
fn=stripslashes
0 458

fl=/var/www/laconica2/lib/action.php
fn=Action->arg
0 945
cfn=array_key_exists
calls=16 0 0
30 227

fl=php:internal
fn=array_key_exists
0 227

fl=/var/www/laconica2/lib/util.php
fn=common_local_url
0 1090
cfn=common_simple_url
calls=528 0 0
704 43129

fl=/var/www/laconica2/lib/util.php
fn=common_simple_url
0 33201
cfn=common_path
calls=528 0 0
811 9927

fl=/var/www/laconica2/lib/util.php
fn=common_path
0 9927

fl=php:internal
fn=header
0 305

fl=php:internal
fn=_
0 419

fl=/var/www/laconica2/lib/util.php
fn=common_show_header
0 29719
cfn=common_accept_to_prefs
calls=16 0 0
143 2434
cfn=common_accept_to_prefs
calls=16 0 0
144 7291
cfn=common_negotiate_type
calls=16 0 0
144 27451
cfn=header
calls=16 0 0
151 432
cfn=common_start_xml
calls=16 0 0
155 4979
cfn=common_element_start
calls=16 0 0
161 5226
cfn=common_element_start
calls=16 0 0
163 2976
cfn=common_element
calls=16 0 0
165 7521
cfn=theme_path
calls=16 0 0
168 3379
cfn=common_element
calls=16 0 0
169 9922
cfn=theme_file
calls=32 0 0
171 2635
cfn=file_exists
calls=32 0 0
171 634
cfn=theme_path
calls=32 0 0
174 6566
cfn=XMLWriter->writeComment
calls=32 0 0
174 515
cfn=common_path
calls=16 0 0
179 312
cfn=common_element
calls=16 0 0
180 8999
cfn=common_path
calls=16 0 0
182 276
cfn=common_element
calls=16 0 0
183 8960
cfn=call_user_func
calls=16 0 0
189 27011
cfn=common_element_end
calls=16 0 0
192 2258
cfn=common_element_start
calls=16 0 0
193 3776
cfn=common_element_start
calls=16 0 0
194 3046
cfn=common_element_start
calls=16 0 0
195 2937
cfn=common_nav_menu
calls=16 0 0
196 401184
cfn=is_string
calls=16 0 0
197 212
cfn=theme_file
calls=16 0 0
198 1215
cfn=file_exists
calls=16 0 0
198 332
cfn=common_element_start
calls=16 0 0
207 3391
cfn=common_local_url
calls=16 0 0
208 2172
cfn=common_element
calls=16 0 0
209 7973
cfn=common_element_end
calls=16 0 0
210 2321
cfn=common_element
calls=16 0 0
213 8518
cfn=call_user_func
calls=16 0 0
219 122312
cfn=common_element_end
calls=16 0 0
222 2147
cfn=common_element_start
calls=16 0 0
223 3170

fl=/var/www/laconica2/lib/util.php
fn=common_accept_to_prefs
0 1960
cfn=explode
calls=32 0 0
1181 486
cfn=explode
calls=80 0 0
1185 1252

fl=php:internal
fn=explode
0 486

fl=php:internal
fn=explode
0 1252

fl=/var/www/laconica2/lib/util.php
fn=common_accept_to_prefs
0 5345
cfn=explode
calls=32 0 0
1181 486
cfn=explode
calls=80 0 0
1185 1252
cfn=preg_match
calls=32 0 0
1189 681

fl=php:internal
fn=preg_match
0 681

fl=/var/www/laconica2/lib/util.php
fn=common_negotiate_type
0 9130
cfn=array_keys
calls=16 0 0
1215 249
cfn=explode
calls=64 0 0
1216 971
cfn=common_mime_type_match
calls=64 0 0
1218 16409
cfn=array_keys
calls=16 0 0
1225 224
cfn=explode
calls=16 0 0
1226 234
cfn=array_keys
calls=16 0 0
1238 231

fl=php:internal
fn=array_keys
0 249

fl=php:internal
fn=explode
0 971

fl=/var/www/laconica2/lib/util.php
fn=common_mime_type_match
0 12065
cfn=array_key_exists
calls=64 0 0
1198 1091
cfn=explode
calls=64 0 0
1201 1217
cfn=array_key_exists
calls=64 0 0
1202 885
cfn=array_key_exists
calls=64 0 0
1204 1150

fl=php:internal
fn=array_key_exists
0 1091

fl=php:internal
fn=explode
0 1217

fl=php:internal
fn=array_key_exists
0 885

fl=php:internal
fn=array_key_exists
0 1150

fl=php:internal
fn=array_keys
0 224

fl=php:internal
fn=explode
0 234

fl=php:internal
fn=array_keys
0 231

fl=php:internal
fn=header
0 432

fl=/var/www/laconica2/lib/util.php
fn=common_start_xml
0 3096
cfn=XMLWriter->openUri
calls=16 0 0
120 794
cfn=XMLWriter->setIndent
calls=16 0 0
121 239
cfn=XMLWriter->startDocument
calls=16 0 0
122 411
cfn=XMLWriter->writeDtd
calls=16 0 0
124 437

fl=php:internal
fn=XMLWriter->openUri
0 794

fl=php:internal
fn=XMLWriter->setIndent
0 239

fl=php:internal
fn=XMLWriter->startDocument
0 411

fl=php:internal
fn=XMLWriter->writeDtd
0 437

fl=/var/www/laconica2/lib/util.php
fn=common_element_start
0 3990
cfn=XMLWriter->startElement
calls=1872 0 0
85 31679
cfn=is_array
calls=1872 0 0
86 27841
cfn=XMLWriter->writeAttribute
calls=3280 0 0
88 68481

fl=php:internal
fn=XMLWriter->startElement
0 31679

fl=php:internal
fn=is_array
0 27841

fl=php:internal
fn=XMLWriter->writeAttribute
0 68481

fl=/var/www/laconica2/lib/util.php
fn=common_element_start
0 2293
cfn=XMLWriter->startElement
calls=1872 0 0
85 31679
cfn=is_array
calls=1872 0 0
86 27841
cfn=is_string
calls=240 0 0
90 3503

fl=php:internal
fn=is_string
0 3503

fl=/var/www/laconica2/lib/util.php
fn=common_element
0 2324
cfn=common_element_start
calls=768 0 0
109 246990
cfn=XMLWriter->text
calls=560 0 0
112 9887
cfn=common_element_end
calls=768 0 0
114 110586

fl=/var/www/laconica2/lib/util.php
fn=common_element_start
0 175746
cfn=XMLWriter->startElement
calls=1872 0 0
85 31679
cfn=is_array
calls=1872 0 0
86 27841
cfn=is_string
calls=240 0 0
90 3503
cfn=XMLWriter->writeAttribute
calls=3280 0 0
88 68481
cfn=XMLWriter->writeAttribute
calls=176 0 0
91 2861

fl=php:internal
fn=XMLWriter->text
0 9887

fl=/var/www/laconica2/lib/util.php
fn=common_element_end
0 85911
cfn=in_array
calls=1872 0 0
101 30070
cfn=XMLWriter->fullEndElement
calls=1664 0 0
104 26062
cfn=XMLWriter->endElement
calls=208 0 0
102 3451

fl=php:internal
fn=in_array
0 30070

fl=php:internal
fn=XMLWriter->fullEndElement
0 26062

fl=/var/www/laconica2/lib/theme.php
fn=theme_path
0 2554
cfn=common_config
calls=192 0 0
28 3553
cfn=common_config
calls=192 0 0
29 3000
cfn=common_path
calls=192 0 0
33 3540

fl=/var/www/laconica2/lib/util.php
fn=common_config
0 3553

fl=/var/www/laconica2/lib/util.php
fn=common_config
0 3000

fl=/var/www/laconica2/lib/util.php
fn=common_path
0 3540

fl=/var/www/laconica2/lib/util.php
fn=common_element
0 1643
cfn=common_element_start
calls=768 0 0
109 246990
cfn=common_element_end
calls=768 0 0
114 110586

fl=php:internal
fn=XMLWriter->endElement
0 3451

fl=/var/www/laconica2/lib/theme.php
fn=theme_file
0 2139
cfn=common_config
calls=48 0 0
23 745

fl=/var/www/laconica2/lib/util.php
fn=common_config
0 745

fl=php:internal
fn=file_exists
0 634

fl=/var/www/laconica2/lib/theme.php
fn=theme_path
0 4866
cfn=common_config
calls=192 0 0
28 3553
cfn=common_config
calls=192 0 0
29 3000
cfn=common_path
calls=192 0 0
33 3540

fl=php:internal
fn=XMLWriter->writeComment
0 515

fl=/var/www/laconica2/lib/util.php
fn=common_path
0 312

fl=/var/www/laconica2/lib/util.php
fn=common_element
0 2475
cfn=common_element_start
calls=768 0 0
109 246990
cfn=XMLWriter->text
calls=560 0 0
112 9887
cfn=common_element_end
calls=768 0 0
114 110586

fl=/var/www/laconica2/lib/util.php
fn=common_path
0 276

fl=/var/www/laconica2/lib/util.php
fn=common_element
0 2468
cfn=common_element_start
calls=768 0 0
109 246990
cfn=XMLWriter->text
calls=560 0 0
112 9887
cfn=common_element_end
calls=768 0 0
114 110586

fl=php:internal
fn=call_user_func
0 1073
cfn=PublicAction->show_header
calls=16 0 0
0 25938

fl=/var/www/laconica2/actions/public.php
fn=PublicAction->show_header
0 3577
cfn=common_local_url
calls=16 0 0
52 2204
cfn=_
calls=16 0 0
54 250
cfn=common_element
calls=16 0 0
54 9901
cfn=common_local_url
calls=16 0 0
57 2135
cfn=common_element
calls=16 0 0
57 7868

fl=/var/www/laconica2/lib/util.php
fn=common_local_url
0 907
cfn=common_simple_url
calls=528 0 0
704 43129

fl=php:internal
fn=_
0 250

fl=/var/www/laconica2/lib/util.php
fn=common_element
0 1690
cfn=common_element_start
calls=768 0 0
109 246990
cfn=common_element_end
calls=768 0 0
114 110586

fl=/var/www/laconica2/lib/util.php
fn=common_local_url
0 902
cfn=common_simple_url
calls=528 0 0
704 43129

fl=/var/www/laconica2/lib/util.php
fn=common_element
0 1823
cfn=common_element_start
calls=768 0 0
109 246990
cfn=common_element_end
calls=768 0 0
114 110586

fl=/var/www/laconica2/lib/util.php
fn=common_element_end
0 1713
cfn=in_array
calls=1872 0 0
101 30070
cfn=XMLWriter->fullEndElement
calls=1664 0 0
104 26062

fl=/var/www/laconica2/lib/util.php
fn=common_element_start
0 2894
cfn=XMLWriter->startElement
calls=1872 0 0
85 31679
cfn=is_array
calls=1872 0 0
86 27841
cfn=is_string
calls=240 0 0
90 3503

fl=/var/www/laconica2/lib/util.php
fn=common_element_start
0 2337
cfn=XMLWriter->startElement
calls=1872 0 0
85 31679
cfn=is_array
calls=1872 0 0
86 27841
cfn=XMLWriter->writeAttribute
calls=3280 0 0
88 68481

fl=/var/www/laconica2/lib/util.php
fn=common_element_start
0 2192
cfn=XMLWriter->startElement
calls=1872 0 0
85 31679
cfn=is_array
calls=1872 0 0
86 27841
cfn=XMLWriter->writeAttribute
calls=3280 0 0
88 68481

fl=/var/www/laconica2/lib/util.php
fn=common_nav_menu
0 15074
cfn=common_current_user
calls=16 0 0
278 275230
cfn=common_element_start
calls=16 0 0
279 3192
cfn=common_local_url
calls=16 0 0
284 2202
cfn=_
calls=16 0 0
284 261
cfn=common_menu_item
calls=16 0 0
284 15442
cfn=common_local_url
calls=16 0 0
285 2408
cfn=_
calls=16 0 0
285 238
cfn=common_menu_item
calls=16 0 0
285 14667
cfn=common_local_url
calls=16 0 0
286 2597
cfn=_
calls=16 0 0
287 241
cfn=common_menu_item
calls=16 0 0
287 14908
cfn=common_local_url
calls=16 0 0
294 2402
cfn=_
calls=16 0 0
294 237
cfn=common_menu_item
calls=16 0 0
294 14611
cfn=common_local_url
calls=16 0 0
295 2209
cfn=_
calls=16 0 0
295 240
cfn=common_menu_item
calls=16 0 0
295 15095
cfn=common_local_url
calls=16 0 0
296 2237
cfn=_
calls=16 0 0
296 336
cfn=common_menu_item
calls=16 0 0
296 15200
cfn=common_element_end
calls=16 0 0
298 2145

fl=/var/www/laconica2/lib/util.php
fn=common_current_user
0 2526
cfn=session_name
calls=32 0 0
559 464
cfn=common_remembered_user
calls=32 0 0
569 374764
cfn=common_debug
calls=32 0 0
570 13489

fl=php:internal
fn=session_name
0 464

fl=/var/www/laconica2/lib/util.php
fn=common_remembered_user
0 3567
cfn=explode
calls=32 0 0
525 480
cfn=Remember_me::staticGet
calls=32 0 0
527 370716

fl=php:internal
fn=explode
0 480

fl=/var/www/laconica2/classes/Remember_me.php
fn=Remember_me::staticGet
0 2338
cfn=DB_DataObject::staticGet
calls=32 0 0
17 368378

fl=/usr/local/lib/php/DB/DataObject.php
fn=DB_DataObject::staticGet
0 12701
cfn=strtolower
calls=176 0 0
329 2599
cfn=DB_DataObject::_loadConfig
calls=16 0 0
332 2277
cfn=strlen
calls=64 0 0
351 976
cfn=substr
calls=64 0 0
351 1040
cfn=DB_DataObject::factory
calls=32 0 0
351 10564
cfn=PEAR::isError
calls=32 0 0
352 2577
cfn=DB_DataObject->get
calls=64 0 0
361 501053
cfn=DB_DataObject::raiseError
calls=32 0 0
362 31893

fl=php:internal
fn=strtolower
0 2599

fl=/usr/local/lib/php/DB/DataObject.php
fn=DB_DataObject::_loadConfig
0 1120
cfn=PEAR::getStaticProperty
calls=16 0 0
4101 1156

fl=/usr/local/lib/php/PEAR.php
fn=PEAR::getStaticProperty
0 936
cfn=array_key_exists
calls=112 0 0
236 1715

fl=php:internal
fn=strlen
0 976

fl=php:internal
fn=substr
0 1040

fl=/usr/local/lib/php/DB/DataObject.php
fn=DB_DataObject::factory
0 8083
cfn=ucfirst
calls=224 0 0
2577 3230
cfn=preg_replace
calls=224 0 0
2577 4026
cfn=phpversion
calls=224 0 0
2579 3274
cfn=substr
calls=224 0 0
2579 3174
cfn=class_exists
calls=224 0 0
2579 3267

fl=php:internal
fn=ucfirst
0 3230

fl=php:internal
fn=preg_replace
0 4026

fl=php:internal
fn=phpversion
0 3274

fl=php:internal
fn=substr
0 3174

fl=php:internal
fn=class_exists
0 3267

fl=/usr/local/lib/php/PEAR.php
fn=PEAR::isError
0 1967
cfn=is_a
calls=784 0 0
281 13696

fl=php:internal
fn=is_a
0 13696

fl=/usr/local/lib/php/DB/DataObject.php
fn=DB_DataObject->get
0 8301
cfn=DB_DataObject->keys
calls=64 0 0
291 178946
cfn=DB_DataObject->find
calls=64 0 0
307 313806

fl=/usr/local/lib/php/DB/DataObject.php
fn=DB_DataObject->keys
0 13942
cfn=func_get_args
calls=64 0 0
1922 878
cfn=count
calls=64 0 0
1923 910
cfn=DB_DataObject->_connect
calls=64 0 0
1932 153904
cfn=DB_DataObject->databaseStructure
calls=16 0 0
1937 8188
cfn=array_keys
calls=16 0 0
1940 423
cfn=array_keys
calls=48 0 0
1935 698

fl=php:internal
fn=func_get_args
0 878

fl=php:internal
fn=count
0 910

fl=/usr/local/lib/php/DB/DataObject.php
fn=DB_DataObject->_connect
0 21116
cfn=is_string
calls=224 0 0
2197 3367
cfn=md5
calls=224 0 0
2198 3653
cfn=PEAR->getStaticProperty
calls=16 0 0
2236 1207
cfn=require_once
calls=16 0 0
2237 50277
cfn=DB->connect
calls=16 0 0
2241 76857
cfn=PEAR->isError
calls=16 0 0
2260 1464
cfn=method_exists
calls=16 0 0
2270 237
cfn=method_exists
calls=208 0 0
2210 3217

fl=php:internal
fn=is_string
0 3367

fl=php:internal
fn=md5
0 3653

fl=/usr/local/lib/php/PEAR.php
fn=PEAR->getStaticProperty
0 982
cfn=array_key_exists
calls=112 0 0
236 1715

fl=/usr/local/lib/php/DB.php
fn=require_once
0 36895
cfn=define
calls=16 0 0
47 262
cfn=define
calls=16 0 0
52 230
cfn=define
calls=16 0 0
57 235
cfn=define
calls=16 0 0
62 289
cfn=define
calls=16 0 0
67 224
cfn=define
calls=16 0 0
72 229
cfn=define
calls=16 0 0
77 226
cfn=define
calls=16 0 0
82 291
cfn=define
calls=16 0 0
87 228
cfn=define
calls=16 0 0
92 246
cfn=define
calls=16 0 0
97 229
cfn=define
calls=16 0 0
102 225
cfn=define
calls=16 0 0
107 253
cfn=define
calls=16 0 0
112 231
cfn=define
calls=16 0 0
117 249
cfn=define
calls=16 0 0
122 226
cfn=define
calls=16 0 0
127 228
cfn=define
calls=16 0 0
132 234
cfn=define
calls=16 0 0
137 294
cfn=define
calls=16 0 0
142 272
cfn=define
calls=16 0 0
147 226
cfn=define
calls=16 0 0
152 234
cfn=define
calls=16 0 0
157 230
cfn=define
calls=16 0 0
162 228
cfn=define
calls=16 0 0
167 227
cfn=define
calls=16 0 0
172 227
cfn=define
calls=16 0 0
177 230
cfn=define
calls=16 0 0
182 229
cfn=define
calls=16 0 0
200 221
cfn=define
calls=16 0 0
208 228
cfn=define
calls=16 0 0
215 270
cfn=define
calls=16 0 0
230 233
cfn=define
calls=16 0 0
235 235
cfn=define
calls=16 0 0
242 296
cfn=define
calls=16 0 0
259 226
cfn=define
calls=16 0 0
264 273
cfn=define
calls=16 0 0
269 426
cfn=define
calls=16 0 0
274 225
cfn=define
calls=16 0 0
283 227
cfn=define
calls=16 0 0
289 232
cfn=define
calls=16 0 0
290 256
cfn=define
calls=16 0 0
291 247
cfn=define
calls=16 0 0
310 225
cfn=define
calls=16 0 0
311 247
cfn=define
calls=16 0 0
312 226
cfn=define
calls=16 0 0
320 225
cfn=define
calls=16 0 0
321 226
cfn=define
calls=16 0 0
344 260
cfn=define
calls=16 0 0
350 229
cfn=define
calls=16 0 0
355 228
cfn=define
calls=16 0 0
360 231
cfn=define
calls=16 0 0
365 241
cfn=define
calls=16 0 0
378 226
cfn=define
calls=16 0 0
384 232
cfn=define
calls=16 0 0
389 229

fl=php:internal
fn=define
0 262

fl=php:internal
fn=define
0 230

fl=php:internal
fn=define
0 235

fl=php:internal
fn=define
0 289

fl=php:internal
fn=define
0 224

fl=php:internal
fn=define
0 229

fl=php:internal
fn=define
0 226

fl=php:internal
fn=define
0 291

fl=php:internal
fn=define
0 228

fl=php:internal
fn=define
0 246

fl=php:internal
fn=define
0 229

fl=php:internal
fn=define
0 225

fl=php:internal
fn=define
0 253

fl=php:internal
fn=define
0 231

fl=php:internal
fn=define
0 249

fl=php:internal
fn=define
0 226

fl=php:internal
fn=define
0 228

fl=php:internal
fn=define
0 234

fl=php:internal
fn=define
0 294

fl=php:internal
fn=define
0 272

fl=php:internal
fn=define
0 226

fl=php:internal
fn=define
0 234

fl=php:internal
fn=define
0 230

fl=php:internal
fn=define
0 228

fl=php:internal
fn=define
0 227

fl=php:internal
fn=define
0 227

fl=php:internal
fn=define
0 230

fl=php:internal
fn=define
0 229

fl=php:internal
fn=define
0 221

fl=php:internal
fn=define
0 228

fl=php:internal
fn=define
0 270

fl=php:internal
fn=define
0 233

fl=php:internal
fn=define
0 235

fl=php:internal
fn=define
0 296

fl=php:internal
fn=define
0 226

fl=php:internal
fn=define
0 273

fl=php:internal
fn=define
0 426

fl=php:internal
fn=define
0 225

fl=php:internal
fn=define
0 227

fl=php:internal
fn=define
0 232

fl=php:internal
fn=define
0 256

fl=php:internal
fn=define
0 247

fl=php:internal
fn=define
0 225

fl=php:internal
fn=define
0 247

fl=php:internal
fn=define
0 226

fl=php:internal
fn=define
0 225

fl=php:internal
fn=define
0 226

fl=php:internal
fn=define
0 260

fl=php:internal
fn=define
0 229

fl=php:internal
fn=define
0 228

fl=php:internal
fn=define
0 231

fl=php:internal
fn=define
0 241

fl=php:internal
fn=define
0 226

fl=php:internal
fn=define
0 232

fl=php:internal
fn=define
0 229

fl=/usr/local/lib/php/DB.php
fn=DB->connect
0 11896
cfn=DB->parseDSN
calls=16 0 0
520 20648
cfn=is_array
calls=16 0 0
523 222
cfn=include_once
calls=16 0 0
535 9920
cfn=class_exists
calls=16 0 0
539 227
cfn=DB_mysql->DB_mysql
calls=16 0 0
547 10680
cfn=DB_common->getOption
calls=16 0 0
556 269
cfn=DB_mysql->connect
calls=16 0 0
556 21826
cfn=DB->isError
calls=16 0 0
557 1165

fl=/usr/local/lib/php/DB.php
fn=DB->parseDSN
0 15228
cfn=is_array
calls=16 0 0
747 221
cfn=strpos
calls=16 0 0
756 234
cfn=substr
calls=16 0 0
757 221
cfn=substr
calls=16 0 0
758 311
cfn=preg_match
calls=16 0 0
766 414
cfn=count
calls=16 0 0
774 222
cfn=strrpos
calls=16 0 0
780 229
cfn=substr
calls=16 0 0
781 219
cfn=substr
calls=16 0 0
782 215
cfn=strpos
calls=16 0 0
783 221
cfn=substr
calls=16 0 0
784 217
cfn=rawurldecode
calls=16 0 0
784 224
cfn=substr
calls=16 0 0
785 278
cfn=rawurldecode
calls=16 0 0
785 233
cfn=preg_match
calls=16 0 0
793 272
cfn=strpos
calls=16 0 0
801 225
cfn=strpos
calls=16 0 0
804 225
cfn=explode
calls=16 0 0
805 288
cfn=rawurldecode
calls=16 0 0
814 227
cfn=strpos
calls=16 0 0
815 213
cfn=strpos
calls=16 0 0
827 222
cfn=rawurldecode
calls=16 0 0
829 280

fl=php:internal
fn=is_array
0 221

fl=php:internal
fn=strpos
0 234

fl=php:internal
fn=substr
0 221

fl=php:internal
fn=substr
0 311

fl=php:internal
fn=preg_match
0 414

fl=php:internal
fn=count
0 222

fl=php:internal
fn=strrpos
0 229

fl=php:internal
fn=substr
0 219

fl=php:internal
fn=substr
0 215

fl=php:internal
fn=strpos
0 221

fl=php:internal
fn=substr
0 217

fl=php:internal
fn=rawurldecode
0 224

fl=php:internal
fn=substr
0 278

fl=php:internal
fn=rawurldecode
0 233

fl=php:internal
fn=preg_match
0 272

fl=php:internal
fn=strpos
0 225

fl=php:internal
fn=strpos
0 225

fl=php:internal
fn=explode
0 288

fl=php:internal
fn=rawurldecode
0 227

fl=php:internal
fn=strpos
0 213

fl=php:internal
fn=strpos
0 222

fl=php:internal
fn=rawurldecode
0 280

fl=php:internal
fn=is_array
0 222

fl=/usr/local/lib/php/DB/mysql.php
fn=include_once
0 9434
cfn=require_once
calls=16 0 0
30 485

fl=/usr/local/lib/php/DB/common.php
fn=require_once
0 485

fl=php:internal
fn=class_exists
0 227

fl=/usr/local/lib/php/DB/mysql.php
fn=DB_mysql->DB_mysql
0 945
cfn=DB_common->DB_common
calls=16 0 0
171 9735

fl=/usr/local/lib/php/DB/common.php
fn=DB_common->DB_common
0 1173
cfn=PEAR->PEAR
calls=16 0 0
150 8562

fl=/usr/local/lib/php/PEAR.php
fn=PEAR->PEAR
0 6439
cfn=get_class
calls=16 0 0
172 224
cfn=strtolower
calls=16 0 0
172 221
cfn=strcasecmp
calls=48 0 0
179 661
cfn=method_exists
calls=32 0 0
181 552
cfn=get_parent_class
calls=32 0 0
190 462

fl=php:internal
fn=get_class
0 224

fl=php:internal
fn=strtolower
0 221

fl=php:internal
fn=strcasecmp
0 661

fl=php:internal
fn=method_exists
0 552

fl=php:internal
fn=get_parent_class
0 462

fl=/usr/local/lib/php/DB/common.php
fn=DB_common->getOption
0 269

fl=/usr/local/lib/php/DB/mysql.php
fn=DB_mysql->connect
0 5332
cfn=PEAR->loadExtension
calls=16 0 0
198 1090
cfn=phpversion
calls=16 0 0
229 224
cfn=version_compare
calls=16 0 0
229 310
cfn=ini_get
calls=16 0 0
236 230
cfn=call_user_func_array
calls=16 0 0
239 11456
cfn=mysql_select_db
calls=16 0 0
261 3182

fl=/usr/local/lib/php/PEAR.php
fn=PEAR->loadExtension
0 861
cfn=extension_loaded
calls=16 0 0
747 229

fl=php:internal
fn=extension_loaded
0 229

fl=php:internal
fn=phpversion
0 224

fl=php:internal
fn=version_compare
0 310

fl=php:internal
fn=ini_get
0 230

fl=php:internal
fn=call_user_func_array
0 11456

fl=php:internal
fn=mysql_select_db
0 3182

fl=/usr/local/lib/php/DB.php
fn=DB->isError
0 915
cfn=is_a
calls=240 0 0
594 3797

fl=php:internal
fn=is_a
0 3797

fl=/usr/local/lib/php/PEAR.php
fn=PEAR->isError
0 1205
cfn=is_a
calls=784 0 0
281 13696

fl=php:internal
fn=method_exists
0 237

fl=/usr/local/lib/php/DB/DataObject.php
fn=DB_DataObject->databaseStructure
0 3299
cfn=func_get_args
calls=16 0 0
1704 220
cfn=file_exists
calls=16 0 0
1789 361
cfn=is_file
calls=16 0 0
1789 273
cfn=parse_ini_file
calls=16 0 0
1790 4033

fl=php:internal
fn=func_get_args
0 220

fl=php:internal
fn=file_exists
0 361

fl=php:internal
fn=is_file
0 273

fl=php:internal
fn=parse_ini_file
0 4033

fl=php:internal
fn=array_keys
0 423

fl=/usr/local/lib/php/DB/DataObject.php
fn=DB_DataObject->find
0 21219
cfn=DB_DataObject->table
calls=224 0 0
411 69688
cfn=DB_DataObject->_build_condition
calls=224 0 0
411 226032
cfn=DB_DataObject->_connect
calls=224 0 0
414 33283
cfn=strlen
calls=224 0 0
431 3189
cfn=DB_DataObject->_query
calls=224 0 0
442 605991
cfn=DB_DataObject->fetch
calls=32 0 0
460 49099

fl=/usr/local/lib/php/DB/DataObject.php
fn=DB_DataObject->table
0 31640
cfn=func_get_args
calls=224 0 0
1877 3249
cfn=count
calls=224 0 0
1878 3652
cfn=DB_DataObject->_connect
calls=144 0 0
1888 31146

fl=php:internal
fn=func_get_args
0 3249

fl=php:internal
fn=count
0 3652

fl=/usr/local/lib/php/DB/DataObject.php
fn=DB_DataObject->_build_condition
0 113577
cfn=DB_DataObject->_connect
calls=224 0 0
2438 33555
cfn=is_a
calls=496 0 0
2475 8093
cfn=strtolower
calls=496 0 0
2490 7364
cfn=DB_DataObject->_quote
calls=32 0 0
2503 15998
cfn=DB_DataObject->whereAdd
calls=32 0 0
2503 2711
cfn=is_numeric
calls=464 0 0
2506 6793
cfn=DB_DataObject->whereAdd
calls=464 0 0
2507 37937

fl=/usr/local/lib/php/DB/DataObject.php
fn=DB_DataObject->_connect
0 16008
cfn=PEAR->isError
calls=672 0 0
2132 52118

fl=/usr/local/lib/php/PEAR.php
fn=PEAR->isError
0 40350
cfn=is_a
calls=784 0 0
281 13696

fl=php:internal
fn=is_a
0 8093

fl=php:internal
fn=strtolower
0 7364

fl=/usr/local/lib/php/DB/DataObject.php
fn=DB_DataObject->_quote
0 2136
cfn=DB_common->quoteSmart
calls=32 0 0
2104 13861

fl=/usr/local/lib/php/DB/common.php
fn=DB_common->quoteSmart
0 7631
cfn=is_int
calls=32 0 0
442 436
cfn=is_float
calls=32 0 0
444 562
cfn=is_bool
calls=32 0 0
446 434
cfn=is_null
calls=32 0 0
448 536
cfn=DB_mysql->escapeSimple
calls=32 0 0
456 4260

fl=php:internal
fn=is_int
0 436

fl=php:internal
fn=is_float
0 562

fl=php:internal
fn=is_bool
0 434

fl=php:internal
fn=is_null
0 536

fl=/usr/local/lib/php/DB/mysql.php
fn=DB_mysql->escapeSimple
0 3206
cfn=function_exists
calls=32 0 0
800 461
cfn=mysql_real_escape_string
calls=32 0 0
801 592

fl=php:internal
fn=function_exists
0 461

fl=php:internal
fn=mysql_real_escape_string
0 592

fl=/usr/local/lib/php/DB/DataObject.php
fn=DB_DataObject->whereAdd
0 2235
cfn=trim
calls=512 0 0
610 7807

fl=php:internal
fn=trim
0 7807

fl=/usr/local/lib/php/DB/DataObject.php
fn=DB_DataObject->_connect
0 15904
cfn=PEAR->isError
calls=672 0 0
2132 52118

fl=php:internal
fn=strlen
0 3189

fl=/usr/local/lib/php/DB/DataObject.php
fn=DB_DataObject->_query
0 174333
cfn=DB_DataObject->_connect
calls=224 0 0
2301 32560
cfn=strtoupper
calls=224 0 0
2316 3637
cfn=strtoupper
calls=224 0 0
2325 3768
cfn=strtoupper
calls=224 0 0
2333 3378
cfn=microtime
calls=224 0 0
2357 7512
cfn=explode
calls=224 0 0
2357 3711
cfn=DB_common->query
calls=224 0 0
2362 262181
cfn=is_a
calls=224 0 0
2380 3615
cfn=trim
calls=224 0 0
2391 3324
cfn=substr
calls=224 0 0
2391 3148
cfn=strtolower
calls=224 0 0
2391 3340
cfn=is_object
calls=224 0 0
2401 3411
cfn=method_exists
calls=224 0 0
2412 3344
cfn=PEAR->expectError
calls=224 0 0
2414 41997
cfn=DB_result->numRows
calls=224 0 0
2418 32775
cfn=is_a
calls=224 0 0
2419 3900
cfn=PEAR->popExpect
calls=224 0 0
2422 16048

fl=/usr/local/lib/php/DB/DataObject.php
fn=DB_DataObject->_connect
0 15367
cfn=PEAR->isError
calls=672 0 0
2132 52118

fl=php:internal
fn=strtoupper
0 3637

fl=php:internal
fn=strtoupper
0 3768

fl=php:internal
fn=strtoupper
0 3378

fl=php:internal
fn=microtime
0 7512

fl=php:internal
fn=explode
0 3711

fl=/usr/local/lib/php/DB/common.php
fn=DB_common->query
0 46808
cfn=sizeof
calls=224 0 0
1206 3612
cfn=DB_mysql->simpleQuery
calls=224 0 0
1216 190271
cfn=DB->isError
calls=224 0 0
1217 15916
cfn=DB_result->DB_result
calls=224 0 0
1220 5572

fl=php:internal
fn=sizeof
0 3612

fl=/usr/local/lib/php/DB/mysql.php
fn=DB_mysql->simpleQuery
0 56289
cfn=DB_common->_checkManip
calls=224 0 0
302 33583
cfn=DB_mysql->modifyQuery
calls=224 0 0
304 3814
cfn=mysql_select_db
calls=224 0 0
306 48714
cfn=mysql_query
calls=224 0 0
323 44502
cfn=is_resource
calls=224 0 0
328 3367

fl=/usr/local/lib/php/DB/common.php
fn=DB_common->_checkManip
0 15074
cfn=DB->isManip
calls=224 0 0
2195 18508

fl=/usr/local/lib/php/DB.php
fn=DB->isManip
0 13485
cfn=preg_match
calls=240 0 0
635 5347

fl=php:internal
fn=preg_match
0 5347

fl=/usr/local/lib/php/DB/mysql.php
fn=DB_mysql->modifyQuery
0 3814

fl=php:internal
fn=mysql_select_db
0 48714

fl=php:internal
fn=mysql_query
0 44502

fl=php:internal
fn=is_resource
0 3367

fl=/usr/local/lib/php/DB.php
fn=DB->isError
0 12368
cfn=is_a
calls=240 0 0
594 3797

fl=/usr/local/lib/php/DB.php
fn=DB_result->DB_result
0 5572

fl=php:internal
fn=is_a
0 3615

fl=php:internal
fn=trim
0 3324

fl=php:internal
fn=substr
0 3148

fl=php:internal
fn=strtolower
0 3340

fl=php:internal
fn=is_object
0 3411

fl=php:internal
fn=method_exists
0 3344

fl=/usr/local/lib/php/PEAR.php
fn=PEAR->expectError
0 32018
cfn=is_array
calls=224 0 0
392 3205
cfn=array_push
calls=224 0 0
395 3238
cfn=sizeof
calls=224 0 0
397 3534

fl=php:internal
fn=is_array
0 3205

fl=php:internal
fn=array_push
0 3238

fl=php:internal
fn=sizeof
0 3534

fl=/usr/local/lib/php/DB.php
fn=DB_result->numRows
0 16036
cfn=DB_mysql->numRows
calls=224 0 0
1336 16738

fl=/usr/local/lib/php/DB/mysql.php
fn=DB_mysql->numRows
0 13372
cfn=mysql_num_rows
calls=224 0 0
470 3365

fl=php:internal
fn=mysql_num_rows
0 3365

fl=php:internal
fn=is_a
0 3900

fl=/usr/local/lib/php/PEAR.php
fn=PEAR->popExpect
0 12382
cfn=array_pop
calls=224 0 0
411 3665

fl=php:internal
fn=array_pop
0 3665

fl=/usr/local/lib/php/DB/DataObject.php
fn=DB_DataObject::raiseError
0 9485
cfn=PEAR::getStaticProperty
calls=32 0 0
4059 2394
cfn=DB_DataObject::debug
calls=32 0 0
4071 569
cfn=PEAR::isError
calls=32 0 0
4074 2364
cfn=require_once
calls=16 0 0
4077 225
cfn=PEAR::raiseError
calls=32 0 0
4080 16853

fl=/usr/local/lib/php/PEAR.php
fn=PEAR::getStaticProperty
0 1897
cfn=array_key_exists
calls=112 0 0
236 1715

fl=/usr/local/lib/php/DB/DataObject.php
fn=DB_DataObject::debug
0 569

fl=/usr/local/lib/php/PEAR.php
fn=PEAR::isError
0 1817
cfn=is_a
calls=784 0 0
281 13696

fl=/usr/local/lib/php/DB/DataObject/Error.php
fn=require_once
0 225

fl=/usr/local/lib/php/PEAR.php
fn=PEAR::raiseError
0 5474
cfn=is_object
calls=32 0 0
533 433
cfn=intval
calls=32 0 0
568 510
cfn=DB_DataObject_Error->DB_DataObject_Error
calls=32 0 0
576 10435

fl=php:internal
fn=is_object
0 433

fl=php:internal
fn=intval
0 510

fl=/usr/local/lib/php/DB/DataObject/Error.php
fn=DB_DataObject_Error->DB_DataObject_Error
0 2293
cfn=PEAR_Error->PEAR_Error
calls=32 0 0
44 8141

fl=/usr/local/lib/php/PEAR.php
fn=PEAR_Error->PEAR_Error
0 3882
cfn=PEAR->getStaticProperty
calls=32 0 0
871 2680
cfn=debug_backtrace
calls=32 0 0
872 1578

fl=/usr/local/lib/php/PEAR.php
fn=PEAR->getStaticProperty
0 2172
cfn=array_key_exists
calls=112 0 0
236 1715

fl=php:internal
fn=debug_backtrace
0 1578

fl=/var/www/laconica2/lib/util.php
fn=common_debug
0 1871
cfn=common_log
calls=32 0 0
1101 11617

fl=/var/www/laconica2/lib/util.php
fn=common_log
0 4747
cfn=common_config
calls=32 0 0
1081 670
cfn=common_ensure_syslog
calls=32 0 0
1092 1541
cfn=syslog
calls=32 0 0
1093 4658

fl=/var/www/laconica2/lib/util.php
fn=common_config
0 670

fl=/var/www/laconica2/lib/util.php
fn=common_ensure_syslog
0 1281
cfn=openlog
calls=16 0 0
1075 260

fl=php:internal
fn=openlog
0 260

fl=php:internal
fn=syslog
0 4658

fl=/var/www/laconica2/lib/util.php
fn=common_element_start
0 2349
cfn=XMLWriter->startElement
calls=1872 0 0
85 31679
cfn=is_array
calls=1872 0 0
86 27841
cfn=XMLWriter->writeAttribute
calls=3280 0 0
88 68481

fl=/var/www/laconica2/lib/util.php
fn=common_local_url
0 973
cfn=common_simple_url
calls=528 0 0
704 43129

fl=php:internal
fn=_
0 261

fl=/var/www/laconica2/lib/util.php
fn=common_menu_item
0 2625
cfn=common_element_start
calls=176 0 0
321 23788
cfn=common_element
calls=176 0 0
326 88979
cfn=common_element_end
calls=176 0 0
327 23437

fl=/var/www/laconica2/lib/util.php
fn=common_element_start
0 18004
cfn=XMLWriter->startElement
calls=1872 0 0
85 31679
cfn=is_array
calls=1872 0 0
86 27841

fl=/var/www/laconica2/lib/util.php
fn=common_element
0 27245
cfn=common_element_start
calls=768 0 0
109 246990
cfn=XMLWriter->text
calls=560 0 0
112 9887
cfn=common_element_end
calls=768 0 0
114 110586

fl=/var/www/laconica2/lib/util.php
fn=common_element_end
0 18001
cfn=in_array
calls=1872 0 0
101 30070
cfn=XMLWriter->fullEndElement
calls=1664 0 0
104 26062

fl=/var/www/laconica2/lib/util.php
fn=common_local_url
0 1068
cfn=common_simple_url
calls=528 0 0
704 43129

fl=php:internal
fn=_
0 238

fl=/var/www/laconica2/lib/util.php
fn=common_menu_item
0 2356
cfn=common_element_start
calls=176 0 0
321 23788
cfn=common_element
calls=176 0 0
326 88979
cfn=common_element_end
calls=176 0 0
327 23437

fl=/var/www/laconica2/lib/util.php
fn=common_local_url
0 1084
cfn=common_simple_url
calls=528 0 0
704 43129

fl=php:internal
fn=_
0 241

fl=/var/www/laconica2/lib/util.php
fn=common_menu_item
0 2581
cfn=common_element_start
calls=176 0 0
321 23788
cfn=common_element
calls=176 0 0
326 88979
cfn=common_element_end
calls=176 0 0
327 23437

fl=/var/www/laconica2/lib/util.php
fn=common_local_url
0 1037
cfn=common_simple_url
calls=528 0 0
704 43129

fl=php:internal
fn=_
0 237

fl=/var/www/laconica2/lib/util.php
fn=common_menu_item
0 2427
cfn=common_element_start
calls=176 0 0
321 23788
cfn=common_element
calls=176 0 0
326 88979
cfn=common_element_end
calls=176 0 0
327 23437

fl=/var/www/laconica2/lib/util.php
fn=common_local_url
0 972
cfn=common_simple_url
calls=528 0 0
704 43129

fl=php:internal
fn=_
0 240

fl=/var/www/laconica2/lib/util.php
fn=common_menu_item
0 2370
cfn=common_element_start
calls=176 0 0
321 23788
cfn=common_element
calls=176 0 0
326 88979
cfn=common_element_end
calls=176 0 0
327 23437

fl=/var/www/laconica2/lib/util.php
fn=common_local_url
0 984
cfn=common_simple_url
calls=528 0 0
704 43129

fl=php:internal
fn=_
0 336

fl=/var/www/laconica2/lib/util.php
fn=common_menu_item
0 2676
cfn=common_element_start
calls=176 0 0
321 23788
cfn=common_element
calls=176 0 0
326 88979
cfn=common_element_end
calls=176 0 0
327 23437

fl=/var/www/laconica2/lib/util.php
fn=common_element_end
0 1674
cfn=in_array
calls=1872 0 0
101 30070
cfn=XMLWriter->fullEndElement
calls=1664 0 0
104 26062

fl=php:internal
fn=is_string
0 212

fl=/var/www/laconica2/lib/theme.php
fn=theme_file
0 966
cfn=common_config
calls=48 0 0
23 745

fl=php:internal
fn=file_exists
0 332

fl=/var/www/laconica2/lib/util.php
fn=common_element_start
0 2523
cfn=XMLWriter->startElement
calls=1872 0 0
85 31679
cfn=is_array
calls=1872 0 0
86 27841
cfn=XMLWriter->writeAttribute
calls=3280 0 0
88 68481

fl=/var/www/laconica2/lib/util.php
fn=common_local_url
0 932
cfn=common_simple_url
calls=528 0 0
704 43129

fl=/var/www/laconica2/lib/util.php
fn=common_element
0 2300
cfn=common_element_start
calls=768 0 0
109 246990
cfn=XMLWriter->text
calls=560 0 0
112 9887
cfn=common_element_end
calls=768 0 0
114 110586

fl=/var/www/laconica2/lib/util.php
fn=common_element_end
0 1702
cfn=in_array
calls=1872 0 0
101 30070
cfn=XMLWriter->fullEndElement
calls=1664 0 0
104 26062

fl=/var/www/laconica2/lib/util.php
fn=common_element
0 2362
cfn=common_element_start
calls=768 0 0
109 246990
cfn=XMLWriter->text
calls=560 0 0
112 9887
cfn=common_element_end
calls=768 0 0
114 110586

fl=php:internal
fn=XMLWriter->writeAttribute
0 2861

fl=php:internal
fn=call_user_func
0 1089
cfn=PublicAction->show_top
calls=16 0 0
0 121222

fl=/var/www/laconica2/actions/public.php
fn=PublicAction->show_top
0 893
cfn=common_logged_in
calls=16 0 0
45 120328

fl=/var/www/laconica2/lib/util.php
fn=common_logged_in
0 1689
cfn=common_current_user
calls=16 0 0
440 118425
cfn=is_null
calls=16 0 0
440 213

fl=/var/www/laconica2/lib/util.php
fn=common_current_user
0 2411
cfn=session_name
calls=32 0 0
559 464
cfn=common_remembered_user
calls=32 0 0
569 374764
cfn=common_debug
calls=32 0 0
570 13489

fl=php:internal
fn=method_exists
0 3217

fl=php:internal
fn=array_keys
0 698

fl=php:internal
fn=is_null
0 213

fl=/var/www/laconica2/lib/util.php
fn=common_element_end
0 1644
cfn=in_array
calls=1872 0 0
101 30070
cfn=XMLWriter->fullEndElement
calls=1664 0 0
104 26062

fl=/var/www/laconica2/lib/util.php
fn=common_element_start
0 2341
cfn=XMLWriter->startElement
calls=1872 0 0
85 31679
cfn=is_array
calls=1872 0 0
86 27841
cfn=XMLWriter->writeAttribute
calls=3280 0 0
88 68481

fl=/var/www/laconica2/actions/public.php
fn=PublicAction->show_notices
0 33959
cfn=DB_DataObject->factory
calls=16 0 0
62 5333
cfn=DB_DataObject->whereAdd
calls=16 0 0
66 1299
cfn=DB_DataObject->orderBy
calls=16 0 0
68 1156
cfn=DB_DataObject->limit
calls=16 0 0
72 6441
cfn=DB_DataObject->find
calls=16 0 0
74 59875
cfn=common_element_start
calls=16 0 0
77 3330
cfn=min
calls=160 0 0
78 2479
cfn=DB_DataObject->fetch
calls=144 0 0
79 208087
cfn=StreamAction->show_notice
calls=144 0 0
80 1930132
cfn=common_element_end
calls=16 0 0
86 2124
cfn=common_pagination
calls=16 0 0
90 361

fl=/usr/local/lib/php/DB/DataObject.php
fn=DB_DataObject->factory
0 4082
cfn=ucfirst
calls=224 0 0
2577 3230
cfn=preg_replace
calls=224 0 0
2577 4026
cfn=phpversion
calls=224 0 0
2579 3274
cfn=substr
calls=224 0 0
2579 3174
cfn=class_exists
calls=224 0 0
2579 3267

fl=/usr/local/lib/php/DB/DataObject.php
fn=DB_DataObject->whereAdd
0 1070
cfn=trim
calls=512 0 0
610 7807

fl=/usr/local/lib/php/DB/DataObject.php
fn=DB_DataObject->orderBy
0 930
cfn=trim
calls=16 0 0
648 226

fl=php:internal
fn=trim
0 226

fl=/usr/local/lib/php/DB/DataObject.php
fn=DB_DataObject->limit
0 2467
cfn=is_int
calls=16 0 0
761 293
cfn=is_int
calls=16 0 0
762 219
cfn=DB_DataObject->_connect
calls=16 0 0
766 3461

fl=php:internal
fn=is_int
0 293

fl=php:internal
fn=is_int
0 219

fl=/usr/local/lib/php/DB/DataObject.php
fn=DB_DataObject->_connect
0 2699
cfn=is_string
calls=224 0 0
2197 3367
cfn=md5
calls=224 0 0
2198 3653
cfn=method_exists
calls=208 0 0
2210 3217

fl=/usr/local/lib/php/DB/DataObject.php
fn=DB_DataObject->find
0 5712
cfn=DB_DataObject->table
calls=224 0 0
411 69688
cfn=DB_DataObject->_build_condition
calls=224 0 0
411 226032
cfn=DB_DataObject->_connect
calls=224 0 0
414 33283
cfn=strlen
calls=224 0 0
431 3189
cfn=DB_mysql->modifyLimitQuery
calls=16 0 0
432 2379
cfn=DB_DataObject->_query
calls=224 0 0
442 605991

fl=/usr/local/lib/php/DB/mysql.php
fn=DB_mysql->modifyLimitQuery
0 1157
cfn=DB->isManip
calls=16 0 0
858 1222

fl=/usr/local/lib/php/DB.php
fn=DB->isManip
0 898
cfn=preg_match
calls=240 0 0
635 5347

fl=/var/www/laconica2/lib/util.php
fn=common_element_start
0 2492
cfn=XMLWriter->startElement
calls=1872 0 0
85 31679
cfn=is_array
calls=1872 0 0
86 27841
cfn=XMLWriter->writeAttribute
calls=3280 0 0
88 68481

fl=php:internal
fn=min
0 2479

fl=/usr/local/lib/php/DB/DataObject.php
fn=DB_DataObject->fetch
0 133641
cfn=is_object
calls=176 0 0
514 2501
cfn=DB_result->fetchRow
calls=176 0 0
523 39994
cfn=array_keys
calls=48 0 0
557 1019
cfn=array_flip
calls=48 0 0
557 795
cfn=str_replace
calls=1584 0 0
561 23661
cfn=str_replace
calls=1584 0 0
562 23391

fl=php:internal
fn=is_object
0 2501

fl=/usr/local/lib/php/DB.php
fn=DB_result->fetchRow
0 20821
cfn=is_null
calls=176 0 0
1170 2599
cfn=DB_mysql->fetchInto
calls=176 0 0
1194 16573

fl=php:internal
fn=is_null
0 2599

fl=/usr/local/lib/php/DB/mysql.php
fn=DB_mysql->fetchInto
0 13101
cfn=mysql_fetch_array
calls=176 0 0
382 3472

fl=php:internal
fn=mysql_fetch_array
0 3472

fl=php:internal
fn=array_keys
0 1019

fl=php:internal
fn=array_flip
0 795

fl=php:internal
fn=str_replace
0 23661

fl=php:internal
fn=str_replace
0 23391

fl=/var/www/laconica2/lib/stream.php
fn=StreamAction->show_notice
0 159692
cfn=Notice->getProfile
calls=144 0 0
62 248555
cfn=common_element_start
calls=144 0 0
65 36711
cfn=Profile->getAvatar
calls=144 0 0
66 761957
cfn=common_element_start
calls=144 0 0
67 28240
cfn=common_default_avatar
calls=144 0 0
68 37518
cfn=common_element
calls=144 0 0
74 123628
cfn=common_element_end
calls=144 0 0
75 20617
cfn=common_element
calls=144 0 0
78 82803
cfn=common_element_start
calls=144 0 0
80 29803
cfn=common_raw
calls=144 0 0
82 10898
cfn=common_element_end
calls=144 0 0
89 19400
cfn=common_local_url
calls=144 0 0
90 20446
cfn=common_element_start
calls=144 0 0
91 35962
cfn=common_exact_date
calls=144 0 0
94 24610
cfn=common_date_string
calls=144 0 0
95 49719
cfn=common_element
calls=144 0 0
95 94373
cfn=common_local_url
calls=144 0 0
106 20370
cfn=_
calls=144 0 0
108 2211
cfn=common_element_start
calls=144 0 0
109 54407
cfn=common_raw
calls=144 0 0
110 11134
cfn=common_element_end
calls=144 0 0
111 19153
cfn=common_element_end
calls=144 0 0
112 19598
cfn=common_element_end
calls=144 0 0
113 18318

fl=/var/www/laconica2/classes/Notice.php
fn=Notice->getProfile
0 9441
cfn=Profile->staticGet
calls=144 0 0
49 239114

fl=/var/www/laconica2/classes/Profile.php
fn=Profile->staticGet
0 9718
cfn=DB_DataObject->staticGet
calls=144 0 0
43 229395

fl=/usr/local/lib/php/DB/DataObject.php
fn=DB_DataObject->staticGet
0 19761
cfn=strtolower
calls=176 0 0
329 2599
cfn=strlen
calls=64 0 0
351 976
cfn=substr
calls=64 0 0
351 1040
cfn=DB_DataObject->factory
calls=32 0 0
351 9977
cfn=PEAR->isError
calls=32 0 0
352 2351
cfn=DB_DataObject->get
calls=64 0 0
361 501053

fl=/usr/local/lib/php/DB/DataObject.php
fn=DB_DataObject->factory
0 7632
cfn=ucfirst
calls=224 0 0
2577 3230
cfn=preg_replace
calls=224 0 0
2577 4026
cfn=phpversion
calls=224 0 0
2579 3274
cfn=substr
calls=224 0 0
2579 3174
cfn=class_exists
calls=224 0 0
2579 3267

fl=/usr/local/lib/php/PEAR.php
fn=PEAR->isError
0 1838
cfn=is_a
calls=784 0 0
281 13696

fl=php:internal
fn=is_numeric
0 6793

fl=/usr/local/lib/php/DB/DataObject.php
fn=DB_DataObject->whereAdd
0 30833
cfn=trim
calls=512 0 0
610 7807

fl=/usr/local/lib/php/DB/DataObject.php
fn=DB_DataObject->fetch
0 32181
cfn=is_object
calls=176 0 0
514 2501
cfn=DB_result->fetchRow
calls=176 0 0
523 39994
cfn=array_keys
calls=48 0 0
557 1019
cfn=array_flip
calls=48 0 0
557 795
cfn=str_replace
calls=1584 0 0
561 23661
cfn=str_replace
calls=1584 0 0
562 23391

fl=/var/www/laconica2/lib/util.php
fn=common_element_start
0 27503
cfn=XMLWriter->startElement
calls=1872 0 0
85 31679
cfn=is_array
calls=1872 0 0
86 27841
cfn=XMLWriter->writeAttribute
calls=3280 0 0
88 68481

fl=/var/www/laconica2/classes/Profile.php
fn=Profile->getAvatar
0 24126
cfn=DB_DataObject->factory
calls=144 0 0
49 46784
cfn=is_null
calls=144 0 0
52 2625
cfn=DB_DataObject->find
calls=144 0 0
57 688420

fl=/usr/local/lib/php/DB/DataObject.php
fn=DB_DataObject->factory
0 35889
cfn=ucfirst
calls=224 0 0
2577 3230
cfn=preg_replace
calls=224 0 0
2577 4026
cfn=phpversion
calls=224 0 0
2579 3274
cfn=substr
calls=224 0 0
2579 3174
cfn=class_exists
calls=224 0 0
2579 3267

fl=php:internal
fn=is_null
0 2625

fl=/usr/local/lib/php/DB/DataObject.php
fn=DB_DataObject->find
0 45506
cfn=DB_DataObject->table
calls=224 0 0
411 69688
cfn=DB_DataObject->_build_condition
calls=224 0 0
411 226032
cfn=DB_DataObject->_connect
calls=224 0 0
414 33283
cfn=strlen
calls=224 0 0
431 3189
cfn=DB_DataObject->_query
calls=224 0 0
442 605991

fl=/usr/local/lib/php/DB/DataObject.php
fn=DB_DataObject->_connect
0 24411
cfn=is_string
calls=224 0 0
2197 3367
cfn=md5
calls=224 0 0
2198 3653
cfn=method_exists
calls=208 0 0
2210 3217

fl=/var/www/laconica2/lib/util.php
fn=common_element_start
0 21234
cfn=XMLWriter->startElement
calls=1872 0 0
85 31679
cfn=is_array
calls=1872 0 0
86 27841
cfn=XMLWriter->writeAttribute
calls=3280 0 0
88 68481

fl=/var/www/laconica2/lib/util.php
fn=common_default_avatar
0 8924
cfn=theme_path
calls=144 0 0
696 28594

fl=/var/www/laconica2/lib/theme.php
fn=theme_path
0 21024
cfn=common_config
calls=192 0 0
28 3553
cfn=common_config
calls=192 0 0
29 3000
cfn=common_path
calls=192 0 0
33 3540

fl=/var/www/laconica2/lib/util.php
fn=common_element
0 17366
cfn=common_element_start
calls=768 0 0
109 246990
cfn=common_element_end
calls=768 0 0
114 110586

fl=/var/www/laconica2/lib/util.php
fn=common_element_end
0 16123
cfn=in_array
calls=1872 0 0
101 30070
cfn=XMLWriter->fullEndElement
calls=1664 0 0
104 26062

fl=/var/www/laconica2/lib/util.php
fn=common_element
0 21992
cfn=common_element_start
calls=768 0 0
109 246990
cfn=XMLWriter->text
calls=560 0 0
112 9887
cfn=common_element_end
calls=768 0 0
114 110586

fl=/var/www/laconica2/lib/util.php
fn=common_element_start
0 22221
cfn=XMLWriter->startElement
calls=1872 0 0
85 31679
cfn=is_array
calls=1872 0 0
86 27841
cfn=XMLWriter->writeAttribute
calls=3280 0 0
88 68481

fl=/var/www/laconica2/lib/util.php
fn=common_raw
0 8554
cfn=XMLWriter->writeRaw
calls=304 0 0
274 5177

fl=php:internal
fn=XMLWriter->writeRaw
0 5177

fl=/var/www/laconica2/lib/util.php
fn=common_element_end
0 14812
cfn=in_array
calls=1872 0 0
101 30070
cfn=XMLWriter->fullEndElement
calls=1664 0 0
104 26062

fl=/var/www/laconica2/lib/util.php
fn=common_local_url
0 8621
cfn=common_simple_url
calls=528 0 0
704 43129

fl=/var/www/laconica2/lib/util.php
fn=common_element_start
0 26751
cfn=XMLWriter->startElement
calls=1872 0 0
85 31679
cfn=is_array
calls=1872 0 0
86 27841
cfn=is_string
calls=240 0 0
90 3503
cfn=XMLWriter->writeAttribute
calls=176 0 0
91 2861

fl=/var/www/laconica2/lib/util.php
fn=common_exact_date
0 14784
cfn=strtotime
calls=144 0 0
855 6627
cfn=date
calls=144 0 0
856 3198

fl=php:internal
fn=strtotime
0 6627

fl=php:internal
fn=date
0 3198

fl=/var/www/laconica2/lib/util.php
fn=common_date_string
0 32436
cfn=strtotime
calls=144 0 0
823 5236
cfn=time
calls=144 0 0
824 4145
cfn=_
calls=144 0 0
838 2562
cfn=round
calls=144 0 0
838 2652
cfn=sprintf
calls=144 0 0
838 2685

fl=php:internal
fn=strtotime
0 5236

fl=php:internal
fn=time
0 4145

fl=php:internal
fn=_
0 2562

fl=php:internal
fn=round
0 2652

fl=php:internal
fn=sprintf
0 2685

fl=/var/www/laconica2/lib/util.php
fn=common_element
0 22799
cfn=common_element_start
calls=768 0 0
109 246990
cfn=XMLWriter->text
calls=560 0 0
112 9887
cfn=common_element_end
calls=768 0 0
114 110586

fl=/var/www/laconica2/lib/util.php
fn=common_local_url
0 8558
cfn=common_simple_url
calls=528 0 0
704 43129

fl=php:internal
fn=_
0 2211

fl=/var/www/laconica2/lib/util.php
fn=common_element_start
0 40912
cfn=XMLWriter->startElement
calls=1872 0 0
85 31679
cfn=is_array
calls=1872 0 0
86 27841
cfn=XMLWriter->writeAttribute
calls=3280 0 0
88 68481

fl=/var/www/laconica2/lib/util.php
fn=common_raw
0 8557
cfn=XMLWriter->writeRaw
calls=304 0 0
274 5177

fl=/var/www/laconica2/lib/util.php
fn=common_element_end
0 14706
cfn=in_array
calls=1872 0 0
101 30070
cfn=XMLWriter->fullEndElement
calls=1664 0 0
104 26062

fl=/var/www/laconica2/lib/util.php
fn=common_element_end
0 14847
cfn=in_array
calls=1872 0 0
101 30070
cfn=XMLWriter->fullEndElement
calls=1664 0 0
104 26062

fl=/var/www/laconica2/lib/util.php
fn=common_element_end
0 14000
cfn=in_array
calls=1872 0 0
101 30070
cfn=XMLWriter->fullEndElement
calls=1664 0 0
104 26062

fl=/var/www/laconica2/lib/util.php
fn=common_element_end
0 1530
cfn=in_array
calls=1872 0 0
101 30070
cfn=XMLWriter->fullEndElement
calls=1664 0 0
104 26062

fl=/var/www/laconica2/lib/util.php
fn=common_pagination
0 361

fl=/var/www/laconica2/lib/util.php
fn=common_show_footer
0 18652
cfn=common_element_end
calls=16 0 0
236 2156
cfn=common_foot_menu
calls=16 0 0
237 104364
cfn=common_element_start
calls=16 0 0
238 3056
cfn=common_element_start
calls=16 0 0
239 4049
cfn=common_config
calls=16 0 0
240 312
cfn=_
calls=16 0 0
243 239
cfn=_
calls=16 0 0
245 237
cfn=sprintf
calls=16 0 0
245 253
cfn=common_markup_to_html
calls=16 0 0
246 223951
cfn=common_raw
calls=16 0 0
247 1287
cfn=common_element_end
calls=16 0 0
248 2224
cfn=common_element
calls=16 0 0
251 8486
cfn=common_element_start
calls=16 0 0
252 2809
cfn=_
calls=16 0 0
253 256
cfn=common_text
calls=16 0 0
253 1276
cfn=common_element
calls=16 0 0
257 10041
cfn=_
calls=16 0 0
258 239
cfn=common_text
calls=16 0 0
258 1141
cfn=common_element_end
calls=16 0 0
259 2232
cfn=common_element_end
calls=16 0 0
260 2161
cfn=common_element_end
calls=16 0 0
261 2468
cfn=common_element_end
calls=16 0 0
262 2060
cfn=common_element_end
calls=16 0 0
263 2144
cfn=common_end_xml
calls=16 0 0
264 2156

fl=/var/www/laconica2/lib/util.php
fn=common_element_end
0 1679
cfn=in_array
calls=1872 0 0
101 30070
cfn=XMLWriter->fullEndElement
calls=1664 0 0
104 26062

fl=/var/www/laconica2/lib/util.php
fn=common_foot_menu
0 12259
cfn=common_element_start
calls=16 0 0
302 3575
cfn=common_local_url
calls=16 0 0
303 2652
cfn=_
calls=16 0 0
304 241
cfn=common_menu_item
calls=16 0 0
304 14938
cfn=common_local_url
calls=16 0 0
305 2160
cfn=_
calls=16 0 0
306 236
cfn=common_menu_item
calls=16 0 0
306 14456
cfn=common_local_url
calls=16 0 0
307 2106
cfn=_
calls=16 0 0
308 282
cfn=common_menu_item
calls=16 0 0
308 14728
cfn=common_local_url
calls=16 0 0
309 2102
cfn=_
calls=16 0 0
310 241
cfn=common_menu_item
calls=16 0 0
310 15112
cfn=common_local_url
calls=16 0 0
311 2311
cfn=_
calls=16 0 0
312 240
cfn=common_menu_item
calls=16 0 0
312 14510
cfn=common_element_end
calls=16 0 0
313 2208

fl=/var/www/laconica2/lib/util.php
fn=common_element_start
0 2813
cfn=XMLWriter->startElement
calls=1872 0 0
85 31679
cfn=is_array
calls=1872 0 0
86 27841
cfn=XMLWriter->writeAttribute
calls=3280 0 0
88 68481

fl=/var/www/laconica2/lib/util.php
fn=common_local_url
0 1147
cfn=common_simple_url
calls=528 0 0
704 43129

fl=php:internal
fn=_
0 241

fl=/var/www/laconica2/lib/util.php
fn=common_menu_item
0 2538
cfn=common_element_start
calls=176 0 0
321 23788
cfn=common_element
calls=176 0 0
326 88979
cfn=common_element_end
calls=176 0 0
327 23437

fl=/var/www/laconica2/lib/util.php
fn=common_local_url
0 952
cfn=common_simple_url
calls=528 0 0
704 43129

fl=php:internal
fn=_
0 236

fl=/var/www/laconica2/lib/util.php
fn=common_menu_item
0 2415
cfn=common_element_start
calls=176 0 0
321 23788
cfn=common_element
calls=176 0 0
326 88979
cfn=common_element_end
calls=176 0 0
327 23437

fl=/var/www/laconica2/lib/util.php
fn=common_local_url
0 896
cfn=common_simple_url
calls=528 0 0
704 43129

fl=php:internal
fn=_
0 282

fl=/var/www/laconica2/lib/util.php
fn=common_menu_item
0 2521
cfn=common_element_start
calls=176 0 0
321 23788
cfn=common_element
calls=176 0 0
326 88979
cfn=common_element_end
calls=176 0 0
327 23437

fl=/var/www/laconica2/lib/util.php
fn=common_local_url
0 894
cfn=common_simple_url
calls=528 0 0
704 43129

fl=php:internal
fn=_
0 241

fl=/var/www/laconica2/lib/util.php
fn=common_menu_item
0 2525
cfn=common_element_start
calls=176 0 0
321 23788
cfn=common_element
calls=176 0 0
326 88979
cfn=common_element_end
calls=176 0 0
327 23437

fl=/var/www/laconica2/lib/util.php
fn=common_local_url
0 995
cfn=common_simple_url
calls=528 0 0
704 43129

fl=php:internal
fn=_
0 240

fl=/var/www/laconica2/lib/util.php
fn=common_menu_item
0 2425
cfn=common_element_start
calls=176 0 0
321 23788
cfn=common_element
calls=176 0 0
326 88979
cfn=common_element_end
calls=176 0 0
327 23437

fl=/var/www/laconica2/lib/util.php
fn=common_element_end
0 1732
cfn=in_array
calls=1872 0 0
101 30070
cfn=XMLWriter->fullEndElement
calls=1664 0 0
104 26062

fl=/var/www/laconica2/lib/util.php
fn=common_element_start
0 2265
cfn=XMLWriter->startElement
calls=1872 0 0
85 31679
cfn=is_array
calls=1872 0 0
86 27841
cfn=XMLWriter->writeAttribute
calls=3280 0 0
88 68481

fl=/var/www/laconica2/lib/util.php
fn=common_element_start
0 3084
cfn=XMLWriter->startElement
calls=1872 0 0
85 31679
cfn=is_array
calls=1872 0 0
86 27841
cfn=is_string
calls=240 0 0
90 3503
cfn=XMLWriter->writeAttribute
calls=176 0 0
91 2861

fl=/var/www/laconica2/lib/util.php
fn=common_config
0 312

fl=php:internal
fn=_
0 239

fl=php:internal
fn=_
0 237

fl=php:internal
fn=sprintf
0 253

fl=/var/www/laconica2/lib/util.php
fn=common_markup_to_html
0 2892
cfn=preg_replace
calls=16 0 0
1291 305
cfn=preg_replace
calls=16 0 0
1292 256
cfn=preg_replace
calls=32 0 0
1293 3856
cfn=Markdown
calls=16 0 0
1294 217845

fl=php:internal
fn=preg_replace
0 305

fl=php:internal
fn=preg_replace
0 256

fl=php:internal
fn=preg_replace
0 2407
cfn=preg_replace
calls=32 0 0
1293 3856
cfn=common_config
calls=16 0 0
1 243

fl=/var/www/laconica2/lib/util.php
fn=common_config
0 243

fl=/usr/local/lib/php/PHP Markdown 1.0.1m/markdown.php
fn=Markdown
0 2238
cfn=Markdown_Parser->Markdown_Parser
calls=16 0 0
51 20606
cfn=Markdown_Parser->transform
calls=16 0 0
55 195000

fl=/usr/local/lib/php/PHP Markdown 1.0.1m/markdown.php
fn=Markdown_Parser->Markdown_Parser
0 7347
cfn=Markdown_Parser->_initDetab
calls=16 0 0
222 1370
cfn=Markdown_Parser->prepareItalicsAndBold
calls=16 0 0
223 9850
cfn=str_repeat
calls=16 0 0
226 232
cfn=str_repeat
calls=16 0 0
227 341
cfn=str_repeat
calls=16 0 0
230 225
cfn=str_repeat
calls=16 0 0
231 224
cfn=preg_quote
calls=16 0 0
233 288
cfn=asort
calls=16 0 0
236 247
cfn=asort
calls=16 0 0
237 237
cfn=asort
calls=16 0 0
238 240

fl=/usr/local/lib/php/PHP Markdown 1.0.1m/markdown.php
fn=Markdown_Parser->_initDetab
0 1140
cfn=function_exists
calls=16 0 0
1606 229

fl=php:internal
fn=function_exists
0 229

fl=/usr/local/lib/php/PHP Markdown 1.0.1m/markdown.php
fn=Markdown_Parser->prepareItalicsAndBold
0 7635
cfn=implode
calls=144 0 0
1138 2214

fl=php:internal
fn=implode
0 2214

fl=php:internal
fn=str_repeat
0 232

fl=php:internal
fn=str_repeat
0 341

fl=php:internal
fn=str_repeat
0 225

fl=php:internal
fn=str_repeat
0 224

fl=php:internal
fn=preg_quote
0 288

fl=php:internal
fn=asort
0 247

fl=php:internal
fn=asort
0 237

fl=php:internal
fn=asort
0 240

fl=/usr/local/lib/php/PHP Markdown 1.0.1m/markdown.php
fn=Markdown_Parser->transform
0 7258
cfn=Markdown_Parser->setup
calls=16 0 0
280 285
cfn=preg_replace
calls=16 0 0
283 669
cfn=preg_replace
calls=16 0 0
287 312
cfn=Markdown_Parser->detab
calls=16 0 0
293 1307
cfn=Markdown_Parser->hashHTMLBlocks
calls=16 0 0
296 5889
cfn=preg_replace
calls=16 0 0
302 264
cfn=Markdown_Parser->stripLinkDefinitions
calls=16 0 0
306 1587
cfn=Markdown_Parser->runBasicBlockGamut
calls=16 0 0
306 177091
cfn=Markdown_Parser->teardown
calls=16 0 0
309 333

fl=/usr/local/lib/php/PHP Markdown 1.0.1m/markdown.php
fn=Markdown_Parser->setup
0 285

fl=php:internal
fn=preg_replace
0 669

fl=php:internal
fn=preg_replace
0 312

fl=/usr/local/lib/php/PHP Markdown 1.0.1m/markdown.php
fn=Markdown_Parser->detab
0 1019
cfn=preg_replace_callback
calls=16 0 0
1578 287

fl=php:internal
fn=preg_replace_callback
0 287

fl=/usr/local/lib/php/PHP Markdown 1.0.1m/markdown.php
fn=Markdown_Parser->hashHTMLBlocks
0 3957
cfn=str_repeat
calls=16 0 0
408 240
cfn=str_repeat
calls=16 0 0
417 225
cfn=str_replace
calls=16 0 0
418 385
cfn=preg_replace_callback
calls=16 0 0
493 1080

fl=php:internal
fn=str_repeat
0 240

fl=php:internal
fn=str_repeat
0 225

fl=php:internal
fn=str_replace
0 385

fl=php:internal
fn=preg_replace_callback
0 1080

fl=php:internal
fn=preg_replace
0 264

fl=/usr/local/lib/php/PHP Markdown 1.0.1m/markdown.php
fn=Markdown_Parser->stripLinkDefinitions
0 1249
cfn=preg_replace_callback
calls=16 0 0
349 338

fl=php:internal
fn=preg_replace_callback
0 338

fl=/usr/local/lib/php/PHP Markdown 1.0.1m/markdown.php
fn=Markdown_Parser->runBasicBlockGamut
0 5307
cfn=Markdown_Parser->doHeaders
calls=16 0 0
569 2710
cfn=Markdown_Parser->doHorizontalRules
calls=16 0 0
569 5689
cfn=Markdown_Parser->doLists
calls=16 0 0
569 3839
cfn=Markdown_Parser->doCodeBlocks
calls=16 0 0
569 1706
cfn=Markdown_Parser->doBlockQuotes
calls=16 0 0
569 1294
cfn=Markdown_Parser->formParagraphs
calls=16 0 0
573 156542

fl=/usr/local/lib/php/PHP Markdown 1.0.1m/markdown.php
fn=Markdown_Parser->doHeaders
0 1761
cfn=preg_replace_callback
calls=16 0 0
879 644
cfn=preg_replace_callback
calls=16 0 0
896 303

fl=php:internal
fn=preg_replace_callback
0 644

fl=php:internal
fn=preg_replace_callback
0 303

fl=/usr/local/lib/php/PHP Markdown 1.0.1m/markdown.php
fn=Markdown_Parser->doHorizontalRules
0 1682
cfn=Markdown_Parser->hashBlock
calls=16 0 0
592 3685
cfn=preg_replace
calls=16 0 0
593 321

fl=/usr/local/lib/php/PHP Markdown 1.0.1m/markdown.php
fn=Markdown_Parser->hashBlock
0 1107
cfn=Markdown_Parser->hashPart
calls=16 0 0
531 2578

fl=/usr/local/lib/php/PHP Markdown 1.0.1m/markdown.php
fn=Markdown_Parser->hashPart
0 1308
cfn=Markdown_Parser->unhash
calls=64 0 0
517 5220

fl=/usr/local/lib/php/PHP Markdown 1.0.1m/markdown.php
fn=Markdown_Parser->unhash
0 4132
cfn=preg_replace_callback
calls=80 0 0
1618 4837

fl=php:internal
fn=preg_replace_callback
0 3878
cfn=Markdown_Parser->_unhash_callback
calls=48 0 0
0 958

fl=php:internal
fn=preg_replace
0 321

fl=/usr/local/lib/php/PHP Markdown 1.0.1m/markdown.php
fn=Markdown_Parser->doLists
0 2316
cfn=preg_replace_callback
calls=32 0 0
967 1522

fl=php:internal
fn=preg_replace_callback
0 1522

fl=/usr/local/lib/php/PHP Markdown 1.0.1m/markdown.php
fn=Markdown_Parser->doCodeBlocks
0 1020
cfn=preg_replace_callback
calls=16 0 0
1078 686

fl=php:internal
fn=preg_replace_callback
0 686

fl=/usr/local/lib/php/PHP Markdown 1.0.1m/markdown.php
fn=Markdown_Parser->doBlockQuotes
0 971
cfn=preg_replace_callback
calls=16 0 0
1278 323

fl=php:internal
fn=preg_replace_callback
0 323

fl=/usr/local/lib/php/PHP Markdown 1.0.1m/markdown.php
fn=Markdown_Parser->formParagraphs
0 5388
cfn=preg_replace
calls=16 0 0
1309 325
cfn=preg_split
calls=16 0 0
1311 382
cfn=preg_match
calls=16 0 0
1317 442
cfn=Markdown_Parser->runSpanGamut
calls=16 0 0
1319 144719
cfn=preg_replace
calls=16 0 0
1320 266
cfn=Markdown_Parser->unhash
calls=16 0 0
1322 4781
cfn=implode
calls=16 0 0
1369 235

fl=php:internal
fn=preg_replace
0 325

fl=php:internal
fn=preg_split
0 382

fl=php:internal
fn=preg_match
0 442

fl=/usr/local/lib/php/PHP Markdown 1.0.1m/markdown.php
fn=Markdown_Parser->runSpanGamut
0 5981
cfn=Markdown_Parser->parseSpan
calls=96 0 0
626 10175
cfn=Markdown_Parser->doImages
calls=96 0 0
626 14248
cfn=Markdown_Parser->doAnchors
calls=96 0 0
626 95668
cfn=Markdown_Parser->doAutoLinks
calls=96 0 0
626 13220
cfn=Markdown_Parser->encodeAmpsAndAngles
calls=96 0 0
626 12940
cfn=Markdown_Parser->doItalicsAndBold
calls=96 0 0
626 43894
cfn=Markdown_Parser->doHardBreaks
calls=96 0 0
626 7526

fl=/usr/local/lib/php/PHP Markdown 1.0.1m/markdown.php
fn=Markdown_Parser->parseSpan
0 6288
cfn=preg_split
calls=96 0 0
1512 3887

fl=php:internal
fn=preg_split
0 3887

fl=/usr/local/lib/php/PHP Markdown 1.0.1m/markdown.php
fn=Markdown_Parser->doImages
0 10572
cfn=preg_replace_callback
calls=96 0 0
790 1772
cfn=preg_replace_callback
calls=96 0 0
819 1903

fl=php:internal
fn=preg_replace_callback
0 1772

fl=php:internal
fn=preg_replace_callback
0 1903

fl=/usr/local/lib/php/PHP Markdown 1.0.1m/markdown.php
fn=Markdown_Parser->doAnchors
0 4852
cfn=preg_replace_callback
calls=32 0 0
667 725
cfn=preg_replace_callback
calls=32 0 0
694 90089

fl=php:internal
fn=preg_replace_callback
0 725

fl=php:internal
fn=preg_replace_callback
0 2531
cfn=Markdown_Parser->_doAnchors_inline_callback
calls=32 0 0
0 87558

fl=/usr/local/lib/php/PHP Markdown 1.0.1m/markdown.php
fn=Markdown_Parser->_doAnchors_inline_callback
0 6852
cfn=Markdown_Parser->runSpanGamut
calls=32 0 0
749 34042
cfn=Markdown_Parser->encodeAttribute
calls=32 0 0
753 8256
cfn=Markdown_Parser->runSpanGamut
calls=32 0 0
761 33649
cfn=Markdown_Parser->hashPart
calls=32 0 0
764 4757

fl=/usr/local/lib/php/PHP Markdown 1.0.1m/markdown.php
fn=Markdown_Parser->runSpanGamut
0 11405
cfn=Markdown_Parser->parseSpan
calls=96 0 0
626 10175
cfn=Markdown_Parser->doImages
calls=96 0 0
626 14248
cfn=Markdown_Parser->doAnchors
calls=96 0 0
626 95668
cfn=Markdown_Parser->doAutoLinks
calls=96 0 0
626 13220
cfn=Markdown_Parser->encodeAmpsAndAngles
calls=96 0 0
626 12940
cfn=Markdown_Parser->doItalicsAndBold
calls=96 0 0
626 43894
cfn=Markdown_Parser->doHardBreaks
calls=96 0 0
626 7526

fl=/usr/local/lib/php/PHP Markdown 1.0.1m/markdown.php
fn=Markdown_Parser->doAutoLinks
0 10003
cfn=preg_replace_callback
calls=96 0 0
1407 1549
cfn=preg_replace_callback
calls=96 0 0
1420 1668

fl=php:internal
fn=preg_replace_callback
0 1549

fl=php:internal
fn=preg_replace_callback
0 1668

fl=/usr/local/lib/php/PHP Markdown 1.0.1m/markdown.php
fn=Markdown_Parser->encodeAmpsAndAngles
0 10045
cfn=preg_replace
calls=128 0 0
1396 2022
cfn=str_replace
calls=128 0 0
1399 1820

fl=php:internal
fn=preg_replace
0 2022

fl=php:internal
fn=str_replace
0 1820

fl=/usr/local/lib/php/PHP Markdown 1.0.1m/markdown.php
fn=Markdown_Parser->doItalicsAndBold
0 14952
cfn=preg_split
calls=128 0 0
1162 4674
cfn=strlen
calls=32 0 0
1177 434
cfn=array_unshift
calls=16 0 0
1238 243
cfn=array_unshift
calls=16 0 0
1239 228
cfn=strlen
calls=16 0 0
1226 315
cfn=array_shift
calls=16 0 0
1231 235
cfn=array_shift
calls=16 0 0
1232 229
cfn=Markdown_Parser->runSpanGamut
calls=16 0 0
1233 20201
cfn=Markdown_Parser->hashPart
calls=16 0 0
1235 2379

fl=php:internal
fn=preg_split
0 4674

fl=/usr/local/lib/php/PHP Markdown 1.0.1m/markdown.php
fn=Markdown_Parser->doHardBreaks
0 5997
cfn=preg_replace_callback
calls=96 0 0
636 1528

fl=php:internal
fn=preg_replace_callback
0 1528

fl=/usr/local/lib/php/PHP Markdown 1.0.1m/markdown.php
fn=Markdown_Parser->encodeAttribute
0 3408
cfn=Markdown_Parser->encodeAmpsAndAngles
calls=32 0 0
1378 4395
cfn=str_replace
calls=32 0 0
1379 452

fl=/usr/local/lib/php/PHP Markdown 1.0.1m/markdown.php
fn=Markdown_Parser->encodeAmpsAndAngles
0 3447
cfn=preg_replace
calls=128 0 0
1396 2022
cfn=str_replace
calls=128 0 0
1399 1820

fl=php:internal
fn=str_replace
0 452

fl=/usr/local/lib/php/PHP Markdown 1.0.1m/markdown.php
fn=Markdown_Parser->runSpanGamut
0 11409
cfn=Markdown_Parser->parseSpan
calls=96 0 0
626 10175
cfn=Markdown_Parser->doImages
calls=96 0 0
626 14248
cfn=Markdown_Parser->doAnchors
calls=96 0 0
626 95668
cfn=Markdown_Parser->doAutoLinks
calls=96 0 0
626 13220
cfn=Markdown_Parser->encodeAmpsAndAngles
calls=96 0 0
626 12940
cfn=Markdown_Parser->doItalicsAndBold
calls=96 0 0
626 43894
cfn=Markdown_Parser->doHardBreaks
calls=96 0 0
626 7526

fl=/usr/local/lib/php/PHP Markdown 1.0.1m/markdown.php
fn=Markdown_Parser->hashPart
0 2132
cfn=Markdown_Parser->unhash
calls=64 0 0
517 5220

fl=php:internal
fn=strlen
0 434

fl=php:internal
fn=array_unshift
0 243

fl=php:internal
fn=array_unshift
0 228

fl=php:internal
fn=strlen
0 315

fl=php:internal
fn=array_shift
0 235

fl=php:internal
fn=array_shift
0 229

fl=/usr/local/lib/php/PHP Markdown 1.0.1m/markdown.php
fn=Markdown_Parser->runSpanGamut
0 6142
cfn=Markdown_Parser->parseSpan
calls=96 0 0
626 10175
cfn=Markdown_Parser->doImages
calls=96 0 0
626 14248
cfn=Markdown_Parser->doAnchors
calls=96 0 0
626 95668
cfn=Markdown_Parser->doAutoLinks
calls=96 0 0
626 13220
cfn=Markdown_Parser->encodeAmpsAndAngles
calls=96 0 0
626 12940
cfn=Markdown_Parser->doItalicsAndBold
calls=96 0 0
626 43894
cfn=Markdown_Parser->doHardBreaks
calls=96 0 0
626 7526

fl=/usr/local/lib/php/PHP Markdown 1.0.1m/markdown.php
fn=Markdown_Parser->hashPart
0 1052
cfn=Markdown_Parser->unhash
calls=64 0 0
517 5220

fl=php:internal
fn=preg_replace
0 266

fl=/usr/local/lib/php/PHP Markdown 1.0.1m/markdown.php
fn=Markdown_Parser->unhash
0 1032
cfn=preg_replace_callback
calls=80 0 0
1618 4837

fl=/usr/local/lib/php/PHP Markdown 1.0.1m/markdown.php
fn=Markdown_Parser->_unhash_callback
0 958

fl=php:internal
fn=implode
0 235

fl=/usr/local/lib/php/PHP Markdown 1.0.1m/markdown.php
fn=Markdown_Parser->teardown
0 333

fl=/var/www/laconica2/lib/util.php
fn=common_raw
0 1031
cfn=XMLWriter->writeRaw
calls=304 0 0
274 5177

fl=/var/www/laconica2/lib/util.php
fn=common_element_end
0 1733
cfn=in_array
calls=1872 0 0
101 30070
cfn=XMLWriter->fullEndElement
calls=1664 0 0
104 26062

fl=/var/www/laconica2/lib/util.php
fn=common_element
0 1636
cfn=common_element_start
calls=768 0 0
109 246990
cfn=common_element_end
calls=768 0 0
114 110586

fl=/var/www/laconica2/lib/util.php
fn=common_element_start
0 2123
cfn=XMLWriter->startElement
calls=1872 0 0
85 31679
cfn=is_array
calls=1872 0 0
86 27841
cfn=is_string
calls=240 0 0
90 3503

fl=php:internal
fn=_
0 256

fl=/var/www/laconica2/lib/util.php
fn=common_text
0 942
cfn=XMLWriter->text
calls=32 0 0
269 590

fl=php:internal
fn=XMLWriter->text
0 590

fl=/var/www/laconica2/lib/util.php
fn=common_element
0 2382
cfn=common_element_start
calls=768 0 0
109 246990
cfn=XMLWriter->text
calls=560 0 0
112 9887
cfn=common_element_end
calls=768 0 0
114 110586

fl=php:internal
fn=_
0 239

fl=/var/www/laconica2/lib/util.php
fn=common_text
0 884
cfn=XMLWriter->text
calls=32 0 0
269 590

fl=/var/www/laconica2/lib/util.php
fn=common_element_end
0 1632
cfn=in_array
calls=1872 0 0
101 30070
cfn=XMLWriter->fullEndElement
calls=1664 0 0
104 26062

fl=/var/www/laconica2/lib/util.php
fn=common_element_end
0 1688
cfn=in_array
calls=1872 0 0
101 30070
cfn=XMLWriter->fullEndElement
calls=1664 0 0
104 26062

fl=/var/www/laconica2/lib/util.php
fn=common_element_end
0 1838
cfn=in_array
calls=1872 0 0
101 30070
cfn=XMLWriter->fullEndElement
calls=1664 0 0
104 26062

fl=/var/www/laconica2/lib/util.php
fn=common_element_end
0 1581
cfn=in_array
calls=1872 0 0
101 30070
cfn=XMLWriter->fullEndElement
calls=1664 0 0
104 26062

fl=/var/www/laconica2/lib/util.php
fn=common_element_end
0 1629
cfn=in_array
calls=1872 0 0
101 30070
cfn=XMLWriter->fullEndElement
calls=1664 0 0
104 26062

fl=/var/www/laconica2/lib/util.php
fn=common_end_xml
0 1547
cfn=XMLWriter->endDocument
calls=16 0 0
130 222
cfn=XMLWriter->flush
calls=16 0 0
131 385

fl=php:internal
fn=XMLWriter->endDocument
0 222

fl=php:internal
fn=XMLWriter->flush
0 385

